::1 - - [20/May/2023:11:29:34 +0300] "GET / HTTP/1.1" 200 125
::1 - - [20/May/2023:11:29:35 +0300] "GET /favicon.ico HTTP/1.1" 404 196
::1 - - [20/May/2023:11:33:31 +0300] "GET / HTTP/1.1" 200 575
::1 - - [20/May/2023:11:33:31 +0300] "GET /styles.css HTTP/1.1" 404 196
::1 - - [20/May/2023:11:33:31 +0300] "GET /infinite_scrolling.js HTTP/1.1" 404 196
::1 - - [20/May/2023:11:33:31 +0300] "GET /favicon.ico HTTP/1.1" 404 196
::1 - - [20/May/2023:11:33:42 +0300] "GET / HTTP/1.1" 304 -
::1 - - [20/May/2023:11:33:42 +0300] "GET /styles.css HTTP/1.1" 404 196
::1 - - [20/May/2023:11:33:42 +0300] "GET /infinite_scrolling.js HTTP/1.1" 404 196
::1 - - [20/May/2023:12:01:59 +0300] "GET /favicon.ico HTTP/1.1" 404 196
::1 - - [20/May/2023:12:02:00 +0300] "GET / HTTP/1.1" 200 207
::1 - - [20/May/2023:12:02:02 +0300] "GET /index.html HTTP/1.1" 200 575
::1 - - [20/May/2023:12:02:02 +0300] "GET /styles.css HTTP/1.1" 404 196
::1 - - [20/May/2023:12:02:02 +0300] "GET /infinite_scrolling.js HTTP/1.1" 404 196
::1 - - [20/May/2023:12:02:56 +0300] "GET / HTTP/1.1" 200 207
::1 - - [20/May/2023:12:02:58 +0300] "GET /styles.css HTTP/1.1" 404 196
::1 - - [20/May/2023:12:02:58 +0300] "GET /infinite_scrolling.js HTTP/1.1" 404 196
::1 - - [20/May/2023:12:06:33 +0300] "GET / HTTP/1.1" 200 207
::1 - - [20/May/2023:12:06:35 +0300] "GET /styles.css HTTP/1.1" 404 196
::1 - - [20/May/2023:12:06:35 +0300] "GET /infinite_scrolling.js HTTP/1.1" 404 196
::1 - - [20/May/2023:12:06:39 +0300] "GET / HTTP/1.1" 200 207
::1 - - [20/May/2023:15:02:20 +0300] "GET / HTTP/1.1" 200 207
::1 - - [20/May/2023:15:02:25 +0300] "GET /index.html HTTP/1.1" 304 -
::1 - - [20/May/2023:15:02:25 +0300] "GET /styles.css HTTP/1.1" 404 196
::1 - - [20/May/2023:15:02:25 +0300] "GET /infinite_scrolling.js HTTP/1.1" 404 196
::1 - - [20/May/2023:15:02:26 +0300] "POST /display.php HTTP/1.1" 404 196
::1 - - [20/May/2023:15:02:48 +0300] "POST /display.php HTTP/1.1" 200 447
::1 - - [20/May/2023:15:08:02 +0300] "POST /display.php HTTP/1.1" 200 51
::1 - - [20/May/2023:15:08:06 +0300] "POST /display.php HTTP/1.1" 200 51
::1 - - [20/May/2023:15:11:29 +0300] "POST /display.php HTTP/1.1" 200 51
::1 - - [20/May/2023:15:31:58 +0300] "POST /display.php HTTP/1.1" 200 427
::1 - - [20/May/2023:15:32:19 +0300] "POST /display.php HTTP/1.1" 200 51
::1 - - [20/May/2023:15:33:00 +0300] "POST /display.php HTTP/1.1" 200 214
::1 - - [20/May/2023:15:34:17 +0300] "POST /display.php HTTP/1.1" 200 214
::1 - - [20/May/2023:15:35:40 +0300] "POST /display.php HTTP/1.1" 200 210
::1 - - [20/May/2023:15:41:06 +0300] "POST /display.php HTTP/1.1" 200 210
::1 - - [20/May/2023:15:41:41 +0300] "POST /display.php HTTP/1.1" 200 210
::1 - - [20/May/2023:15:43:41 +0300] "POST /display.php HTTP/1.1" 200 500
::1 - - [20/May/2023:15:43:51 +0300] "POST /display.php HTTP/1.1" 200 217
::1 - - [20/May/2023:15:43:54 +0300] "POST /display.php HTTP/1.1" 200 217
::1 - - [20/May/2023:15:44:06 +0300] "POST /display.php HTTP/1.1" 200 350
::1 - - [20/May/2023:15:44:45 +0300] "POST /display.php HTTP/1.1" 200 221
::1 - - [20/May/2023:18:45:04 +0300] "GET / HTTP/1.1" 200 255
::1 - - [20/May/2023:18:45:06 +0300] "GET /display.php HTTP/1.1" 200 499
::1 - - [20/May/2023:18:45:11 +0300] "GET / HTTP/1.1" 200 255
::1 - - [20/May/2023:18:45:14 +0300] "GET /index.html HTTP/1.1" 304 -
::1 - - [20/May/2023:18:45:14 +0300] "GET /styles.css HTTP/1.1" 404 196
::1 - - [20/May/2023:18:45:14 +0300] "GET /infinite_scrolling.js HTTP/1.1" 404 196
::1 - - [21/May/2023:07:53:29 +0300] "GET /index.html HTTP/1.1" 304 -
::1 - - [21/May/2023:07:53:29 +0300] "GET /styles.css HTTP/1.1" 404 196
::1 - - [21/May/2023:07:53:29 +0300] "GET /infinite_scrolling.js HTTP/1.1" 404 196
::1 - - [21/May/2023:07:53:31 +0300] "POST /display.php HTTP/1.1" 200 221
::1 - - [21/May/2023:11:32:44 +0300] "GET /index.html HTTP/1.1" 404 196
::1 - - [21/May/2023:11:32:45 +0300] "GET /index.html HTTP/1.1" 404 196
::1 - - [21/May/2023:11:33:04 +0300] "GET /index.html HTTP/1.1" 404 196
::1 - - [21/May/2023:11:33:09 +0300] "GET /index.html HTTP/1.1" 404 196
::1 - - [21/May/2023:11:33:14 +0300] "GET / HTTP/1.1" 200 704
::1 - - [21/May/2023:11:33:14 +0300] "GET /styles.css HTTP/1.1" 404 196
::1 - - [21/May/2023:11:33:14 +0300] "GET /infinite_scrolling.js HTTP/1.1" 200 2514
::1 - - [21/May/2023:11:33:15 +0300] "GET /fox.png HTTP/1.1" 404 196
::1 - - [21/May/2023:11:33:38 +0300] "GET / HTTP/1.1" 200 704
::1 - - [21/May/2023:11:33:38 +0300] "GET /styles.css HTTP/1.1" 200 1059
::1 - - [21/May/2023:11:33:38 +0300] "GET /infinite_scrolling.js HTTP/1.1" 304 -
::1 - - [21/May/2023:11:33:39 +0300] "GET /fox.png HTTP/1.1" 200 8352
::1 - - [21/May/2023:11:36:21 +0300] "GET / HTTP/1.1" 200 642
::1 - - [21/May/2023:11:36:21 +0300] "GET /infinite_scrolling.js HTTP/1.1" 304 -
::1 - - [21/May/2023:11:42:36 +0300] "GET / HTTP/1.1" 200 747
::1 - - [21/May/2023:11:42:36 +0300] "GET /infinite_scrolling.js HTTP/1.1" 304 -
::1 - - [21/May/2023:11:43:01 +0300] "GET / HTTP/1.1" 200 761
::1 - - [21/May/2023:11:43:48 +0300] "GET / HTTP/1.1" 200 781
::1 - - [21/May/2023:11:43:48 +0300] "GET /infinite_scrolling.js HTTP/1.1" 304 -
::1 - - [21/May/2023:11:43:59 +0300] "GET / HTTP/1.1" 200 781
::1 - - [21/May/2023:11:44:13 +0300] "GET / HTTP/1.1" 200 780
::1 - - [21/May/2023:11:50:24 +0300] "GET / HTTP/1.1" 200 806
::1 - - [21/May/2023:11:50:24 +0300] "GET /infinite_scrolling.js HTTP/1.1" 304 -
::1 - - [21/May/2023:11:51:04 +0300] "GET / HTTP/1.1" 200 809
::1 - - [21/May/2023:11:56:41 +0300] "GET / HTTP/1.1" 200 1302
::1 - - [21/May/2023:11:56:41 +0300] "GET /infinite_scrolling.js HTTP/1.1" 304 -
::1 - - [21/May/2023:11:57:16 +0300] "GET / HTTP/1.1" 200 938
::1 - - [21/May/2023:11:58:23 +0300] "GET / HTTP/1.1" 200 939
::1 - - [21/May/2023:11:59:43 +0300] "GET / HTTP/1.1" 200 920
::1 - - [21/May/2023:11:59:43 +0300] "GET /infinite_scrolling.js HTTP/1.1" 304 -
::1 - - [21/May/2023:12:02:21 +0300] "GET / HTTP/1.1" 200 917
::1 - - [21/May/2023:12:02:44 +0300] "GET / HTTP/1.1" 200 786
::1 - - [21/May/2023:12:02:44 +0300] "GET /infinite_scrolling.js HTTP/1.1" 200 2879
::1 - - [21/May/2023:12:02:52 +0300] "GET / HTTP/1.1" 200 786
::1 - - [21/May/2023:12:02:52 +0300] "GET /infinite_scrolling.js HTTP/1.1" 304 -
::1 - - [21/May/2023:12:08:36 +0300] "GET / HTTP/1.1" 200 1303
::1 - - [21/May/2023:12:08:36 +0300] "GET /infinite_scrolling.js HTTP/1.1" 200 2516
::1 - - [21/May/2023:12:08:43 +0300] "POST /send_report.php HTTP/1.1" 200 138
::1 - - [21/May/2023:12:09:11 +0300] "POST /send_report.php HTTP/1.1" 200 138
::1 - - [21/May/2023:12:09:14 +0300] "GET / HTTP/1.1" 200 1320
::1 - - [21/May/2023:12:09:17 +0300] "GET / HTTP/1.1" 200 1320
::1 - - [21/May/2023:12:09:17 +0300] "GET /infinite_scrolling.js HTTP/1.1" 304 -
::1 - - [21/May/2023:12:09:22 +0300] "POST /send_report.php HTTP/1.1" 200 138
::1 - - [21/May/2023:12:14:25 +0300] "GET / HTTP/1.1" 200 1324
::1 - - [21/May/2023:12:14:28 +0300] "POST /send_report.php HTTP/1.1" 200 11
::1 - - [21/May/2023:12:40:08 +0300] "GET / HTTP/1.1" 200 1668
::1 - - [21/May/2023:12:40:08 +0300] "GET /jquery-3.7.0.min.js HTTP/1.1" 200 87462
::1 - - [21/May/2023:12:40:08 +0300] "POST /send_report.php HTTP/1.1" 200 312
::1 - - [21/May/2023:12:40:11 +0300] "POST /send_report.php HTTP/1.1" 200 142
::1 - - [21/May/2023:12:42:35 +0300] "GET / HTTP/1.1" 200 1670
::1 - - [21/May/2023:12:42:35 +0300] "POST /send_report.php HTTP/1.1" 200 313
::1 - - [21/May/2023:12:46:02 +0300] "GET / HTTP/1.1" 200 1960
::1 - - [21/May/2023:12:46:02 +0300] "GET /jquery-3.7.0.min.js HTTP/1.1" 304 -
::1 - - [21/May/2023:12:46:02 +0300] "GET /infinite_scrolling.js HTTP/1.1" 304 -
::1 - - [21/May/2023:12:46:02 +0300] "POST /send_report.php HTTP/1.1" 200 312
::1 - - [21/May/2023:12:46:40 +0300] "GET / HTTP/1.1" 200 1960
::1 - - [21/May/2023:12:46:40 +0300] "POST /send_report.php HTTP/1.1" 200 313
::1 - - [21/May/2023:12:47:00 +0300] "GET / HTTP/1.1" 200 1474
::1 - - [21/May/2023:12:47:00 +0300] "POST /send_report.php HTTP/1.1" 200 312
::1 - - [21/May/2023:12:47:17 +0300] "POST /send_report.php HTTP/1.1" 200 142
::1 - - [21/May/2023:12:48:07 +0300] "GET / HTTP/1.1" 200 1498
::1 - - [21/May/2023:12:48:07 +0300] "POST /send_report.php HTTP/1.1" 200 312
::1 - - [21/May/2023:12:48:09 +0300] "GET / HTTP/1.1" 200 1498
::1 - - [21/May/2023:12:48:09 +0300] "GET /jquery-3.7.0.min.js HTTP/1.1" 304 -
::1 - - [21/May/2023:12:48:09 +0300] "POST /send_report.php HTTP/1.1" 200 312
::1 - - [21/May/2023:12:48:10 +0300] "POST /send_report.php HTTP/1.1" 200 142
::1 - - [21/May/2023:12:48:53 +0300] "GET / HTTP/1.1" 200 1498
::1 - - [21/May/2023:12:48:53 +0300] "POST /send_report.php HTTP/1.1" 200 313
::1 - - [21/May/2023:12:48:57 +0300] "POST /send_report.php HTTP/1.1" 200 142
::1 - - [21/May/2023:12:51:34 +0300] "GET / HTTP/1.1" 200 1499
::1 - - [21/May/2023:12:51:34 +0300] "POST /send_report.php HTTP/1.1" 200 313
::1 - - [21/May/2023:12:51:36 +0300] "POST /send_report.php HTTP/1.1" 200 142
::1 - - [21/May/2023:12:52:00 +0300] "GET / HTTP/1.1" 200 1499
::1 - - [21/May/2023:12:52:00 +0300] "POST /send_report.php HTTP/1.1" 200 312
::1 - - [21/May/2023:12:52:01 +0300] "POST /send_report.php HTTP/1.1" 200 142
::1 - - [21/May/2023:12:53:55 +0300] "GET / HTTP/1.1" 200 1629
::1 - - [21/May/2023:12:53:55 +0300] "POST /test.php HTTP/1.1" 200 31
::1 - - [21/May/2023:12:55:04 +0300] "GET / HTTP/1.1" 200 1594
::1 - - [21/May/2023:12:55:04 +0300] "GET /jquery-3.7.0.min.js HTTP/1.1" 304 -
::1 - - [21/May/2023:12:55:04 +0300] "GET /infinite_scrolling.js HTTP/1.1" 304 -
::1 - - [21/May/2023:12:55:04 +0300] "POST /test.php HTTP/1.1" 200 134
::1 - - [21/May/2023:12:55:05 +0300] "GET / HTTP/1.1" 200 1594
::1 - - [21/May/2023:12:55:05 +0300] "POST /test.php HTTP/1.1" 200 134
::1 - - [21/May/2023:12:57:32 +0300] "GET / HTTP/1.1" 200 1550
::1 - - [21/May/2023:12:57:32 +0300] "POST /test.php HTTP/1.1" 200 134
::1 - - [21/May/2023:12:57:47 +0300] "GET / HTTP/1.1" 200 1552
::1 - - [21/May/2023:12:57:47 +0300] "GET /jquery-3.7.0.min.js HTTP/1.1" 304 -
::1 - - [21/May/2023:12:57:47 +0300] "POST /test.php HTTP/1.1" 200 134
::1 - - [21/May/2023:12:58:34 +0300] "GET / HTTP/1.1" 200 1595
::1 - - [21/May/2023:12:58:34 +0300] "POST /send_report.php HTTP/1.1" 200 424
::1 - - [21/May/2023:12:58:43 +0300] "GET / HTTP/1.1" 200 1461
::1 - - [21/May/2023:12:58:43 +0300] "POST /send_report.php HTTP/1.1" 200 424
::1 - - [21/May/2023:12:58:45 +0300] "POST /send_report.php HTTP/1.1" 200 142
::1 - - [21/May/2023:13:09:12 +0300] "GET / HTTP/1.1" 200 1478
::1 - - [21/May/2023:13:09:14 +0300] "POST /send_report.php HTTP/1.1" 200 141
::1 - - [21/May/2023:13:10:26 +0300] "GET / HTTP/1.1" 200 1576
::1 - - [21/May/2023:13:10:54 +0300] "GET / HTTP/1.1" 200 1707
::1 - - [21/May/2023:13:10:54 +0300] "GET /jquery-3.7.0.min.js HTTP/1.1" 304 -
::1 - - [21/May/2023:13:10:54 +0300] "GET /infinite_scrolling.js HTTP/1.1" 304 -
::1 - - [21/May/2023:13:10:55 +0300] "GET / HTTP/1.1" 200 1707
::1 - - [21/May/2023:13:11:19 +0300] "GET / HTTP/1.1" 200 1583
::1 - - [21/May/2023:13:11:48 +0300] "GET / HTTP/1.1" 200 1549
::1 - - [21/May/2023:13:12:33 +0300] "GET / HTTP/1.1" 200 1553
::1 - - [21/May/2023:13:12:57 +0300] "GET / HTTP/1.1" 200 1549
::1 - - [21/May/2023:13:12:57 +0300] "GET /test.php HTTP/1.1" 200 133
::1 - - [21/May/2023:13:13:11 +0300] "GET / HTTP/1.1" 200 1549
::1 - - [21/May/2023:13:13:11 +0300] "POST /test.php HTTP/1.1" 200 133
::1 - - [21/May/2023:13:13:28 +0300] "GET / HTTP/1.1" 200 1549
::1 - - [21/May/2023:13:13:28 +0300] "POST /test.php HTTP/1.1" 200 7
::1 - - [21/May/2023:13:14:05 +0300] "GET / HTTP/1.1" 200 1494
::1 - - [21/May/2023:13:14:05 +0300] "POST /test.php HTTP/1.1" 200 7
::1 - - [21/May/2023:13:20:22 +0300] "GET / HTTP/1.1" 200 1580
::1 - - [21/May/2023:13:20:22 +0300] "GET /infinite_scrolling.js HTTP/1.1" 304 -
::1 - - [21/May/2023:13:20:23 +0300] "POST /test.php HTTP/1.1" 200 12
::1 - - [21/May/2023:13:21:20 +0300] "GET / HTTP/1.1" 200 1598
::1 - - [21/May/2023:13:21:24 +0300] "POST /send_report.php HTTP/1.1" 200 141
::1 - - [21/May/2023:13:21:26 +0300] "GET / HTTP/1.1" 200 1598
::1 - - [21/May/2023:13:22:59 +0300] "GET / HTTP/1.1" 200 1619
::1 - - [21/May/2023:13:22:59 +0300] "POST /test.php HTTP/1.1" 200 12
::1 - - [21/May/2023:13:23:32 +0300] "GET / HTTP/1.1" 200 1619
::1 - - [21/May/2023:13:23:32 +0300] "POST /test.php HTTP/1.1" 200 12
::1 - - [21/May/2023:13:23:49 +0300] "GET / HTTP/1.1" 200 1619
::1 - - [21/May/2023:13:23:49 +0300] "POST /test.php HTTP/1.1" 200 12
::1 - - [21/May/2023:13:23:57 +0300] "GET / HTTP/1.1" 200 1619
::1 - - [21/May/2023:13:24:00 +0300] "POST /test.php HTTP/1.1" 200 12
::1 - - [21/May/2023:13:24:04 +0300] "GET / HTTP/1.1" 200 1619
::1 - - [21/May/2023:13:24:04 +0300] "POST /test.php HTTP/1.1" 200 12
127.0.0.1 - - [21/May/2023:13:24:28 +0300] "GET / HTTP/1.1" 200 1619
127.0.0.1 - - [21/May/2023:13:24:28 +0300] "POST /test.php HTTP/1.1" 200 12
::1 - - [21/May/2023:13:24:37 +0300] "GET /favicon.ico HTTP/1.1" 404 196
::1 - - [21/May/2023:13:24:38 +0300] "GET / HTTP/1.1" 200 1619
::1 - - [21/May/2023:13:24:38 +0300] "POST /test.php HTTP/1.1" 200 12
::1 - - [21/May/2023:13:25:14 +0300] "GET / HTTP/1.1" 200 1619
::1 - - [21/May/2023:13:25:16 +0300] "POST /test.php HTTP/1.1" 200 12
::1 - - [21/May/2023:13:26:30 +0300] "GET / HTTP/1.1" 200 1628
::1 - - [21/May/2023:13:26:30 +0300] "POST /test.php HTTP/1.1" 200 12
::1 - - [21/May/2023:13:27:40 +0300] "GET / HTTP/1.1" 200 1628
::1 - - [21/May/2023:13:27:40 +0300] "POST /test.php HTTP/1.1" 200 12
::1 - - [21/May/2023:13:28:07 +0300] "GET /index.php HTTP/1.1" 200 1628
::1 - - [21/May/2023:13:28:07 +0300] "POST /test.php HTTP/1.1" 200 12
::1 - - [21/May/2023:13:28:24 +0300] "GET /index.php HTTP/1.1" 200 1628
::1 - - [21/May/2023:13:28:24 +0300] "POST /test.php HTTP/1.1" 200 15
::1 - - [21/May/2023:13:29:13 +0300] "GET /index.php HTTP/1.1" 200 1635
::1 - - [21/May/2023:13:29:13 +0300] "POST /send_report.php HTTP/1.1" 200 294
::1 - - [21/May/2023:13:29:15 +0300] "POST /send_report.php HTTP/1.1" 200 141
::1 - - [21/May/2023:13:30:03 +0300] "POST /send_report.php HTTP/1.1" 200 527
::1 - - [21/May/2023:13:30:26 +0300] "POST /send_report.php HTTP/1.1" 200 141
::1 - - [21/May/2023:13:30:26 +0300] "GET /favicon.ico HTTP/1.1" 404 196
::1 - - [21/May/2023:13:30:27 +0300] "GET /index.php HTTP/1.1" 200 1635
::1 - - [21/May/2023:13:30:27 +0300] "POST /send_report.php HTTP/1.1" 200 294
::1 - - [21/May/2023:13:30:28 +0300] "GET / HTTP/1.1" 200 1635
::1 - - [21/May/2023:13:30:28 +0300] "POST /send_report.php HTTP/1.1" 200 294
::1 - - [21/May/2023:13:30:58 +0300] "GET / HTTP/1.1" 200 1628
::1 - - [21/May/2023:13:30:58 +0300] "POST /test.php HTTP/1.1" 200 15
::1 - - [21/May/2023:13:31:49 +0300] "GET / HTTP/1.1" 200 1765
::1 - - [21/May/2023:13:31:49 +0300] "POST /test.php HTTP/1.1" 200 15
::1 - - [21/May/2023:13:32:03 +0300] "GET / HTTP/1.1" 200 1767
::1 - - [21/May/2023:13:32:03 +0300] "POST /test.php HTTP/1.1" 200 15
::1 - - [21/May/2023:13:39:52 +0300] "GET / HTTP/1.1" 200 1628
::1 - - [21/May/2023:13:39:52 +0300] "POST /test.php HTTP/1.1" 200 136
::1 - - [21/May/2023:13:40:28 +0300] "GET / HTTP/1.1" 200 1761
::1 - - [21/May/2023:13:40:28 +0300] "POST /test.php HTTP/1.1" 200 136
::1 - - [21/May/2023:13:41:02 +0300] "GET / HTTP/1.1" 200 1764
::1 - - [21/May/2023:13:41:03 +0300] "POST /test.php HTTP/1.1" 200 136
::1 - - [21/May/2023:13:41:30 +0300] "GET / HTTP/1.1" 200 1758
::1 - - [21/May/2023:13:41:31 +0300] "POST /test.php HTTP/1.1" 200 15
::1 - - [21/May/2023:13:41:43 +0300] "GET / HTTP/1.1" 200 1757
::1 - - [21/May/2023:13:41:43 +0300] "POST /test.php HTTP/1.1" 200 129
::1 - - [21/May/2023:13:41:55 +0300] "GET / HTTP/1.1" 200 1631
::1 - - [21/May/2023:13:41:55 +0300] "POST /test.php HTTP/1.1" 200 3
::1 - - [21/May/2023:13:45:03 +0300] "GET / HTTP/1.1" 200 1973
::1 - - [21/May/2023:13:45:03 +0300] "POST /test.php HTTP/1.1" 200 7
::1 - - [21/May/2023:13:48:38 +0300] "GET / HTTP/1.1" 200 1060
::1 - - [21/May/2023:13:48:38 +0300] "GET /jquery-3.7.0.min.js HTTP/1.1" 304 -
::1 - - [21/May/2023:13:48:38 +0300] "GET /infinite_scrolling.js HTTP/1.1" 404 196
::1 - - [21/May/2023:13:48:40 +0300] "GET / HTTP/1.1" 200 1060
::1 - - [21/May/2023:13:48:40 +0300] "GET /infinite_scrolling.js HTTP/1.1" 404 196
::1 - - [21/May/2023:13:48:50 +0300] "GET / HTTP/1.1" 200 1060
::1 - - [21/May/2023:13:48:50 +0300] "GET /infinite_scrolling.js HTTP/1.1" 404 196
::1 - - [21/May/2023:13:49:08 +0300] "GET / HTTP/1.1" 200 1060
127.0.0.1 - - [21/May/2023:13:49:08 +0300] "GET /infinite_scrolling.js HTTP/1.1" 404 196
127.0.0.1 - - [21/May/2023:13:49:29 +0300] "GET / HTTP/1.1" 200 1060
127.0.0.1 - - [21/May/2023:13:49:29 +0300] "GET /infinite_scrolling.js HTTP/1.1" 200 2420
::1 - - [21/May/2023:13:55:20 +0300] "GET / HTTP/1.1" 200 1057
::1 - - [21/May/2023:13:55:20 +0300] "GET /infinite_scrolling.js HTTP/1.1" 304 -
::1 - - [21/May/2023:13:55:26 +0300] "POST /send_report.php HTTP/1.1" 200 585
::1 - - [21/May/2023:13:55:47 +0300] "GET / HTTP/1.1" 200 1060
::1 - - [21/May/2023:13:55:51 +0300] "POST /send_report.php HTTP/1.1" 200 441
::1 - - [21/May/2023:13:56:05 +0300] "POST /send_report.php HTTP/1.1" 200 -
::1 - - [21/May/2023:13:56:13 +0300] "GET / HTTP/1.1" 200 1060
::1 - - [21/May/2023:13:56:15 +0300] "POST /send_report.php HTTP/1.1" 200 -
::1 - - [21/May/2023:13:57:47 +0300] "GET / HTTP/1.1" 200 1060
::1 - - [21/May/2023:13:57:50 +0300] "POST /send_report.php HTTP/1.1" 200 11
::1 - - [21/May/2023:14:05:47 +0300] "GET / HTTP/1.1" 200 1289
::1 - - [21/May/2023:14:06:11 +0300] "GET / HTTP/1.1" 200 1289
127.0.0.1 - - [21/May/2023:14:06:14 +0300] "GET /styles.css HTTP/1.1" 304 -
::1 - - [21/May/2023:14:06:22 +0300] "GET / HTTP/1.1" 200 1289
::1 - - [21/May/2023:14:06:35 +0300] "GET / HTTP/1.1" 200 1289
::1 - - [21/May/2023:14:06:35 +0300] "GET /infinite_scrolling.js HTTP/1.1" 404 196
::1 - - [21/May/2023:14:06:42 +0300] "GET / HTTP/1.1" 200 1289
::1 - - [21/May/2023:14:06:42 +0300] "GET /infinite_scrolling.js HTTP/1.1" 200 1576
::1 - - [21/May/2023:14:07:00 +0300] "GET / HTTP/1.1" 200 1289
::1 - - [21/May/2023:14:07:00 +0300] "GET /infinite_scrolling.js HTTP/1.1" 200 1633
::1 - - [21/May/2023:14:07:04 +0300] "GET / HTTP/1.1" 200 1289
::1 - - [21/May/2023:14:07:04 +0300] "GET /infinite_scrolling.js HTTP/1.1" 304 -
::1 - - [21/May/2023:14:09:02 +0300] "GET / HTTP/1.1" 200 1289
::1 - - [21/May/2023:14:09:02 +0300] "GET /infinite_scrolling.js HTTP/1.1" 200 1617
::1 - - [21/May/2023:14:09:22 +0300] "GET / HTTP/1.1" 200 1289
::1 - - [21/May/2023:14:09:22 +0300] "GET /infinite_scrolling.js HTTP/1.1" 200 1625
::1 - - [21/May/2023:14:09:34 +0300] "GET / HTTP/1.1" 200 1289
::1 - - [21/May/2023:14:09:34 +0300] "GET /infinite_scrolling.js HTTP/1.1" 200 1629
::1 - - [21/May/2023:14:09:35 +0300] "GET / HTTP/1.1" 200 1289
::1 - - [21/May/2023:14:09:35 +0300] "GET /infinite_scrolling.js HTTP/1.1" 304 -
::1 - - [21/May/2023:14:09:44 +0300] "GET / HTTP/1.1" 200 1289
::1 - - [21/May/2023:14:09:44 +0300] "GET /infinite_scrolling.js HTTP/1.1" 200 1617
::1 - - [21/May/2023:14:10:03 +0300] "GET / HTTP/1.1" 200 1289
::1 - - [21/May/2023:14:10:03 +0300] "GET /infinite_scrolling.js HTTP/1.1" 200 1629
::1 - - [21/May/2023:14:12:10 +0300] "GET / HTTP/1.1" 200 1289
::1 - - [21/May/2023:14:12:10 +0300] "GET /infinite_scrolling.js HTTP/1.1" 200 1551
::1 - - [21/May/2023:14:12:22 +0300] "POST /send_report.php HTTP/1.1" 200 -
::1 - - [21/May/2023:14:12:26 +0300] "GET / HTTP/1.1" 200 1348
::1 - - [21/May/2023:14:12:37 +0300] "GET / HTTP/1.1" 200 1348
::1 - - [21/May/2023:14:12:37 +0300] "GET /infinite_scrolling.js HTTP/1.1" 304 -
::1 - - [21/May/2023:14:12:48 +0300] "GET / HTTP/1.1" 200 1348
::1 - - [21/May/2023:14:12:48 +0300] "GET /infinite_scrolling.js HTTP/1.1" 304 -
::1 - - [21/May/2023:14:12:56 +0300] "POST /send_report.php HTTP/1.1" 200 -
::1 - - [21/May/2023:14:13:00 +0300] "GET / HTTP/1.1" 200 1418
::1 - - [21/May/2023:14:13:35 +0300] "GET / HTTP/1.1" 200 1418
::1 - - [21/May/2023:14:13:35 +0300] "GET /infinite_scrolling.js HTTP/1.1" 200 1613
::1 - - [21/May/2023:14:13:50 +0300] "GET / HTTP/1.1" 200 1418
::1 - - [21/May/2023:14:13:50 +0300] "GET /infinite_scrolling.js HTTP/1.1" 304 -
::1 - - [21/May/2023:14:14:20 +0300] "GET / HTTP/1.1" 200 1418
::1 - - [21/May/2023:14:14:20 +0300] "GET /infinite_scrolling.js HTTP/1.1" 200 1675
::1 - - [21/May/2023:14:15:15 +0300] "GET / HTTP/1.1" 200 1418
::1 - - [21/May/2023:14:15:15 +0300] "GET /infinite_scrolling.js HTTP/1.1" 200 1759
::1 - - [21/May/2023:14:15:27 +0300] "GET / HTTP/1.1" 200 1418
::1 - - [21/May/2023:14:15:27 +0300] "GET /infinite_scrolling.js HTTP/1.1" 200 1687
::1 - - [21/May/2023:14:16:08 +0300] "POST /send_report.php HTTP/1.1" 200 -
::1 - - [21/May/2023:14:16:11 +0300] "GET / HTTP/1.1" 200 1482
::1 - - [21/May/2023:14:16:15 +0300] "POST /send_report.php HTTP/1.1" 200 -
::1 - - [21/May/2023:14:16:16 +0300] "GET / HTTP/1.1" 200 1546
::1 - - [21/May/2023:14:16:17 +0300] "POST /send_report.php HTTP/1.1" 200 -
::1 - - [21/May/2023:14:16:19 +0300] "GET / HTTP/1.1" 200 1610
::1 - - [21/May/2023:14:16:59 +0300] "GET / HTTP/1.1" 200 1610
::1 - - [21/May/2023:14:16:59 +0300] "GET /infinite_scrolling.js HTTP/1.1" 200 1718
::1 - - [21/May/2023:14:17:14 +0300] "GET / HTTP/1.1" 200 1610
::1 - - [21/May/2023:14:17:14 +0300] "GET /infinite_scrolling.js HTTP/1.1" 200 1687
::1 - - [21/May/2023:14:17:50 +0300] "GET / HTTP/1.1" 200 1610
::1 - - [21/May/2023:14:17:50 +0300] "GET /infinite_scrolling.js HTTP/1.1" 200 1687
::1 - - [21/May/2023:14:18:55 +0300] "GET / HTTP/1.1" 200 1610
::1 - - [21/May/2023:14:18:55 +0300] "GET /infinite_scrolling.js HTTP/1.1" 200 1687
::1 - - [21/May/2023:14:19:19 +0300] "GET / HTTP/1.1" 200 1610
::1 - - [21/May/2023:14:19:41 +0300] "GET / HTTP/1.1" 200 1610
::1 - - [21/May/2023:14:19:41 +0300] "GET /infinite_scrolling.js HTTP/1.1" 200 1753
::1 - - [21/May/2023:14:20:38 +0300] "GET / HTTP/1.1" 200 1610
::1 - - [21/May/2023:14:20:38 +0300] "GET /infinite_scrolling.js HTTP/1.1" 200 1788
::1 - - [21/May/2023:14:24:08 +0300] "GET / HTTP/1.1" 200 1610
::1 - - [21/May/2023:14:24:08 +0300] "GET /infinite_scrolling.js HTTP/1.1" 200 1731
::1 - - [21/May/2023:14:24:31 +0300] "GET / HTTP/1.1" 200 1610
::1 - - [21/May/2023:14:24:31 +0300] "GET /infinite_scrolling.js HTTP/1.1" 200 1741
::1 - - [21/May/2023:14:25:20 +0300] "GET / HTTP/1.1" 200 1610
::1 - - [21/May/2023:14:25:20 +0300] "GET /infinite_scrolling.js HTTP/1.1" 200 1763
::1 - - [21/May/2023:14:32:19 +0300] "GET / HTTP/1.1" 200 1610
::1 - - [21/May/2023:14:32:19 +0300] "GET /infinite_scrolling.js HTTP/1.1" 200 1924
::1 - - [21/May/2023:14:33:02 +0300] "GET / HTTP/1.1" 200 1610
::1 - - [21/May/2023:14:33:02 +0300] "GET /infinite_scrolling.js HTTP/1.1" 200 1964
::1 - - [21/May/2023:14:33:30 +0300] "GET / HTTP/1.1" 200 1610
::1 - - [21/May/2023:14:33:30 +0300] "GET /infinite_scrolling.js HTTP/1.1" 200 1964
::1 - - [21/May/2023:14:34:28 +0300] "GET / HTTP/1.1" 200 1610
::1 - - [21/May/2023:14:34:28 +0300] "GET /infinite_scrolling.js HTTP/1.1" 200 1949
::1 - - [21/May/2023:14:34:44 +0300] "GET / HTTP/1.1" 200 1610
::1 - - [21/May/2023:14:34:44 +0300] "GET /infinite_scrolling.js HTTP/1.1" 200 1947
::1 - - [21/May/2023:14:38:58 +0300] "GET /favicon.ico HTTP/1.1" 404 196
::1 - - [21/May/2023:14:57:10 +0300] "GET / HTTP/1.1" 200 1610
::1 - - [21/May/2023:14:57:10 +0300] "GET /infinite_scrolling.js HTTP/1.1" 200 1991
::1 - - [21/May/2023:14:58:36 +0300] "POST /send_report.php HTTP/1.1" 200 -
::1 - - [21/May/2023:14:58:37 +0300] "GET / HTTP/1.1" 200 1773
::1 - - [21/May/2023:15:02:32 +0300] "POST /send_report.php HTTP/1.1" 200 -
::1 - - [21/May/2023:15:09:33 +0300] "GET / HTTP/1.1" 200 2114
::1 - - [21/May/2023:15:09:34 +0300] "POST /send_report.php HTTP/1.1" 200 -
::1 - - [21/May/2023:15:09:38 +0300] "GET / HTTP/1.1" 200 2277
::1 - - [21/May/2023:15:09:55 +0300] "GET / HTTP/1.1" 200 2274
::1 - - [21/May/2023:15:09:55 +0300] "GET /jquery-3.7.0.min.js HTTP/1.1" 304 -
::1 - - [21/May/2023:15:09:55 +0300] "GET /infinite_scrolling.js HTTP/1.1" 304 -
::1 - - [21/May/2023:15:09:59 +0300] "POST /send_report.php HTTP/1.1" 200 -
::1 - - [21/May/2023:15:10:02 +0300] "GET / HTTP/1.1" 200 2331
::1 - - [21/May/2023:15:10:08 +0300] "POST /send_report.php HTTP/1.1" 200 -
::1 - - [21/May/2023:15:10:15 +0300] "GET / HTTP/1.1" 200 2388
::1 - - [21/May/2023:15:19:05 +0300] "GET / HTTP/1.1" 200 2480
::1 - - [21/May/2023:15:19:05 +0300] "GET /infinite_scrolling.js HTTP/1.1" 304 -
::1 - - [21/May/2023:15:19:10 +0300] "POST /send_report.php HTTP/1.1" 200 -
::1 - - [21/May/2023:15:19:10 +0300] "GET /?username=sadasd&report_text=dsa HTTP/1.1" 200 2542
::1 - - [21/May/2023:15:36:38 +0300] "GET /?username=sadasd&report_text=dsa HTTP/1.1" 200 1032
::1 - - [21/May/2023:15:36:38 +0300] "GET /jquery-3.7.0.min.js HTTP/1.1" 304 -
::1 - - [21/May/2023:15:36:38 +0300] "GET /infinite_scrolling.js HTTP/1.1" 304 -
::1 - - [21/May/2023:15:36:48 +0300] "GET /?username=%D0%90%D0%BD%D1%82%D0%BE%D0%BD&report_text=%D0%98%D0%B3%D1%80%D0%B0%D0%B5%D1%82+%D0%BD%D0%B0+%D0%B3%D0%B8%D1%82%D0%B0%D1%80%D0%B5%0D%0A%D0%97%D0%B0%D0%BD%D0%B8%D0%BC%D0%B0%D0%B5%D1%82%D1%81%D1%8F+%D1%81%D0%BF%D0%BE%D1%80%D1%82%D0%BE%D0%BC%0D%0A%D0%A3%D1%87%D0%B8%D1%82%D1%81%D1%8F+%D0%BD%D0%B0+%D0%BF%D1%80%D0%BE%D0%B3%D1%80%D0%BC%D0%BC%D0%B8%D1%81%D1%82%D0%B0 HTTP/1.1" 200 1032
::1 - - [21/May/2023:15:36:48 +0300] "POST /send_report.php HTTP/1.1" 200 -
::1 - - [21/May/2023:15:38:04 +0300] "GET /?username=%D0%90%D0%BD%D1%82%D0%BE%D0%BD&report_text=%D0%98%D0%B3%D1%80%D0%B0%D0%B5%D1%82+%D0%BD%D0%B0+%D0%B3%D0%B8%D1%82%D0%B0%D1%80%D0%B5%0D%0A%D0%97%D0%B0%D0%BD%D0%B8%D0%BC%D0%B0%D0%B5%D1%82%D1%81%D1%8F+%D1%81%D0%BF%D0%BE%D1%80%D1%82%D0%BE%D0%BC%0D%0A%D0%A3%D1%87%D0%B8%D1%82%D1%81%D1%8F+%D0%BD%D0%B0+%D0%BF%D1%80%D0%BE%D0%B3%D1%80%D0%BC%D0%BC%D0%B8%D1%81%D1%82%D0%B0 HTTP/1.1" 200 1437
::1 - - [21/May/2023:15:38:08 +0300] "GET /?username=%D0%90%D0%BD%D1%82%D0%BE%D0%BD&report_text=%D0%98%D0%B3%D1%80%D0%B0%D0%B5%D1%82+%D0%BD%D0%B0+%D0%B3%D0%B8%D1%82%D0%B0%D1%80%D0%B5%0D%0A%D0%97%D0%B0%D0%BD%D0%B8%D0%BC%D0%B0%D0%B5%D1%82%D1%81%D1%8F+%D1%81%D0%BF%D0%BE%D1%80%D1%82%D0%BE%D0%BC%0D%0A%D0%A3%D1%87%D0%B8%D1%82%D1%81%D1%8F+%D0%BD%D0%B0+%D0%BF%D1%80%D0%BE%D0%B3%D1%80%D0%BC%D0%BC%D0%B8%D1%81%D1%82%D0%B0 HTTP/1.1" 200 1437
::1 - - [21/May/2023:15:40:54 +0300] "GET /?username=%D0%90%D0%BD%D1%82%D0%BE%D0%BD&report_text=%D0%98%D0%B3%D1%80%D0%B0%D0%B5%D1%82+%D0%BD%D0%B0+%D0%B3%D0%B8%D1%82%D0%B0%D1%80%D0%B5%0D%0A%D0%97%D0%B0%D0%BD%D0%B8%D0%BC%D0%B0%D0%B5%D1%82%D1%81%D1%8F+%D1%81%D0%BF%D0%BE%D1%80%D1%82%D0%BE%D0%BC%0D%0A%D0%A3%D1%87%D0%B8%D1%82%D1%81%D1%8F+%D0%BD%D0%B0+%D0%BF%D1%80%D0%BE%D0%B3%D1%80%D0%BC%D0%BC%D0%B8%D1%81%D1%82%D0%B0 HTTP/1.1" 200 1437
::1 - - [21/May/2023:15:40:54 +0300] "GET /infinite_scrolling.js HTTP/1.1" 200 1995
::1 - - [21/May/2023:15:41:02 +0300] "GET /?username=%D0%90%D0%BD%D1%82%D0%BE%D0%BD&report_text=%D0%98%D0%B3%D1%80%D0%B0%D0%B5%D1%82+%D0%BD%D0%B0+%D0%B3%D0%B8%D1%82%D0%B0%D1%80%D0%B5%0D%0A%D0%97%D0%B0%D0%BD%D0%B8%D0%BC%D0%B0%D0%B5%D1%82%D1%81%D1%8F+%D1%81%D0%BF%D0%BE%D1%80%D1%82%D0%BE%D0%BC%0D%0A%D0%A3%D1%87%D0%B8%D1%82%D1%81%D1%8F+%D0%BD%D0%B0+%D0%BF%D1%80%D0%BE%D0%B3%D1%80%D0%BC%D0%BC%D0%B8%D1%81%D1%82%D0%B0 HTTP/1.1" 200 1437
::1 - - [21/May/2023:15:41:02 +0300] "GET /infinite_scrolling.js HTTP/1.1" 200 1996
::1 - - [21/May/2023:15:44:30 +0300] "GET /?username=%D0%90%D0%BD%D1%82%D0%BE%D0%BD&report_text=%D0%98%D0%B3%D1%80%D0%B0%D0%B5%D1%82+%D0%BD%D0%B0+%D0%B3%D0%B8%D1%82%D0%B0%D1%80%D0%B5%0D%0A%D0%97%D0%B0%D0%BD%D0%B8%D0%BC%D0%B0%D0%B5%D1%82%D1%81%D1%8F+%D1%81%D0%BF%D0%BE%D1%80%D1%82%D0%BE%D0%BC%0D%0A%D0%A3%D1%87%D0%B8%D1%82%D1%81%D1%8F+%D0%BD%D0%B0+%D0%BF%D1%80%D0%BE%D0%B3%D1%80%D0%BC%D0%BC%D0%B8%D1%81%D1%82%D0%B0 HTTP/1.1" 200 1437
::1 - - [21/May/2023:15:44:30 +0300] "GET /infinite_scrolling.js HTTP/1.1" 200 2008
::1 - - [21/May/2023:15:44:32 +0300] "GET /?username=%D0%90%D0%BD%D1%82%D0%BE%D0%BD&report_text=%D0%98%D0%B3%D1%80%D0%B0%D0%B5%D1%82+%D0%BD%D0%B0+%D0%B3%D0%B8%D1%82%D0%B0%D1%80%D0%B5%0D%0A%D0%97%D0%B0%D0%BD%D0%B8%D0%BC%D0%B0%D0%B5%D1%82%D1%81%D1%8F+%D1%81%D0%BF%D0%BE%D1%80%D1%82%D0%BE%D0%BC%0D%0A%D0%A3%D1%87%D0%B8%D1%82%D1%81%D1%8F+%D0%BD%D0%B0+%D0%BF%D1%80%D0%BE%D0%B3%D1%80%D0%BC%D0%BC%D0%B8%D1%81%D1%82%D0%B0 HTTP/1.1" 200 1437
::1 - - [21/May/2023:15:44:32 +0300] "GET /infinite_scrolling.js HTTP/1.1" 304 -
::1 - - [21/May/2023:15:44:56 +0300] "GET /?username=%D0%90%D0%BD%D1%82%D0%BE%D0%BD&report_text=%D0%98%D0%B3%D1%80%D0%B0%D0%B5%D1%82+%D0%BD%D0%B0+%D0%B3%D0%B8%D1%82%D0%B0%D1%80%D0%B5%0D%0A%D0%97%D0%B0%D0%BD%D0%B8%D0%BC%D0%B0%D0%B5%D1%82%D1%81%D1%8F+%D1%81%D0%BF%D0%BE%D1%80%D1%82%D0%BE%D0%BC%0D%0A%D0%A3%D1%87%D0%B8%D1%82%D1%81%D1%8F+%D0%BD%D0%B0+%D0%BF%D1%80%D0%BE%D0%B3%D1%80%D0%BC%D0%BC%D0%B8%D1%81%D1%82%D0%B0 HTTP/1.1" 200 1437
::1 - - [21/May/2023:15:44:56 +0300] "GET /infinite_scrolling.js HTTP/1.1" 200 2035
::1 - - [21/May/2023:15:45:05 +0300] "GET /?username=%D0%90%D0%BD%D1%82%D0%BE%D0%BD&report_text=%D0%98%D0%B3%D1%80%D0%B0%D0%B5%D1%82+%D0%BD%D0%B0+%D0%B3%D0%B8%D1%82%D0%B0%D1%80%D0%B5%0D%0A%D0%97%D0%B0%D0%BD%D0%B8%D0%BC%D0%B0%D0%B5%D1%82%D1%81%D1%8F+%D1%81%D0%BF%D0%BE%D1%80%D1%82%D0%BE%D0%BC%0D%0A%D0%A3%D1%87%D0%B8%D1%82%D1%81%D1%8F+%D0%BD%D0%B0+%D0%BF%D1%80%D0%BE%D0%B3%D1%80%D0%BC%D0%BC%D0%B8%D1%81%D1%82%D0%B0 HTTP/1.1" 200 1437
::1 - - [21/May/2023:15:45:06 +0300] "GET /infinite_scrolling.js HTTP/1.1" 200 2045
::1 - - [21/May/2023:15:45:22 +0300] "GET /?username=%D0%90%D0%BD%D1%82%D0%BE%D0%BD&report_text=%D0%98%D0%B3%D1%80%D0%B0%D0%B5%D1%82+%D0%BD%D0%B0+%D0%B3%D0%B8%D1%82%D0%B0%D1%80%D0%B5%0D%0A%D0%97%D0%B0%D0%BD%D0%B8%D0%BC%D0%B0%D0%B5%D1%82%D1%81%D1%8F+%D1%81%D0%BF%D0%BE%D1%80%D1%82%D0%BE%D0%BC%0D%0A%D0%A3%D1%87%D0%B8%D1%82%D1%81%D1%8F+%D0%BD%D0%B0+%D0%BF%D1%80%D0%BE%D0%B3%D1%80%D0%BC%D0%BC%D0%B8%D1%81%D1%82%D0%B0 HTTP/1.1" 200 1437
::1 - - [21/May/2023:15:45:22 +0300] "GET /infinite_scrolling.js HTTP/1.1" 200 2041
::1 - - [21/May/2023:15:45:22 +0300] "GET /fox.png HTTP/1.1" 304 -
::1 - - [21/May/2023:15:45:40 +0300] "POST /send_report.php HTTP/1.1" 200 -
::1 - - [21/May/2023:15:45:40 +0300] "GET /?username=%D0%90%D0%BD%D1%82%D0%BE%D0%BD&report_text=%D0%98%D0%B3%D1%80%D0%B0%D0%B5%D1%82+%D0%BD%D0%B0+%D0%B3%D0%B8%D1%82%D0%B0%D1%80%D0%B5+%D0%97%D0%B0%D0%BD%D0%B8%D0%BC%D0%B0%D0%B5%D1%82%D1%81%D1%8F+%D1%81%D0%BF%D0%BE%D1%80%D1%82%D0%BE%D0%BC+%D0%A3%D1%87%D0%B8%D1%82%D1%81%D1%8F+%D0%BD%D0%B0+%D0%BF%D1%80%D0%BE%D0%B3%D1%80%D0%BC%D0%BC%D0%B8%D1%81%D1%82%D0%B0 HTTP/1.1" 200 1837
::1 - - [21/May/2023:15:45:40 +0300] "GET /infinite_scrolling.js HTTP/1.1" 304 -
::1 - - [21/May/2023:15:45:54 +0300] "GET /?username=%D0%90%D0%BD%D1%82%D0%BE%D0%BD&report_text=%D0%98%D0%B3%D1%80%D0%B0%D0%B5%D1%82+%D0%BD%D0%B0+%D0%B3%D0%B8%D1%82%D0%B0%D1%80%D0%B5 HTTP/1.1" 200 1837
::1 - - [21/May/2023:15:45:54 +0300] "POST /send_report.php HTTP/1.1" 200 -
::1 - - [21/May/2023:15:45:54 +0300] "GET /infinite_scrolling.js HTTP/1.1" 304 -
::1 - - [21/May/2023:15:46:13 +0300] "GET /?username=%D0%90%D0%BD%D1%82%D0%BE%D0%BD&report_text=%D0%98%D0%B3%D1%80%D0%B0%D0%B5%D1%82+%D0%BD%D0%B0+%D0%B3%D0%B8%D1%82%D0%B0%D1%80%D0%B5+%D0%97%D0%B0%D0%BD%D0%B8%D0%BC%D0%B0%D0%B5%D1%82%D1%81%D1%8F+%D1%81%D0%BF%D0%BE%D1%80%D1%82%D0%BE%D0%BC+%D0%A3%D1%87%D0%B8%D1%82%D1%81%D1%8F+%D0%BD%D0%B0+%D0%BF%D1%80%D0%BE%D0%B3%D1%80%D0%BC%D0%BC%D0%B8%D1%81%D1%82%D0%B0 HTTP/1.1" 200 2016
::1 - - [21/May/2023:15:46:13 +0300] "POST /send_report.php HTTP/1.1" 200 -
::1 - - [21/May/2023:15:46:13 +0300] "GET /infinite_scrolling.js HTTP/1.1" 304 -
::1 - - [21/May/2023:15:46:32 +0300] "GET /?username=%D0%90%D0%BD%D1%82%D0%BE%D0%BD&report_text=%D0%98%D0%B3%D1%80%D0%B0%D0%B5%D1%82+%D0%BD%D0%B0+%D0%B3%D0%B8%D1%82%D0%B0%D1%80%D0%B5+%D0%97%D0%B0%D0%BD%D0%B8%D0%BC%D0%B0%D0%B5%D1%82%D1%81%D1%8F+%D1%81%D0%BF%D0%BE%D1%80%D1%82%D0%BE%D0%BC+%D0%A3%D1%87%D0%B8%D1%82%D1%81%D1%8F+%D0%BD%D0%B0+%D0%BF%D1%80%D0%BE%D0%B3%D1%80%D0%BC%D0%BC%D0%B8%D1%81%D1%82%D0%B0 HTTP/1.1" 200 2416
::1 - - [21/May/2023:15:46:32 +0300] "GET /infinite_scrolling.js HTTP/1.1" 200 1993
::1 - - [21/May/2023:15:46:46 +0300] "POST /send_report.php HTTP/1.1" 200 -
::1 - - [21/May/2023:15:46:46 +0300] "GET /?username=%D0%90%D0%BD%D1%82%D0%BE%D0%BD&report_text=%D0%A3%D1%87%D0%B8%D1%82%D1%81%D1%8F+%D0%BD%D0%B0+%D0%BF%D1%80%D0%BE%D0%B3%D1%80%D0%B0%D0%BC%D0%BC%D0%B8%D1%81%D1%82%D0%B0 HTTP/1.1" 200 2631
::1 - - [21/May/2023:15:46:46 +0300] "GET /infinite_scrolling.js HTTP/1.1" 304 -
::1 - - [21/May/2023:15:47:04 +0300] "GET /?username=%D0%90%D0%BD%D1%82%D0%BE%D0%BD&report_text=%D0%A3%D1%87%D0%B8%D1%82%D1%81%D1%8F+%D0%BD%D0%B0+%D0%BF%D1%80%D0%BE%D0%B3%D1%80%D0%B0%D0%BC%D0%BC%D0%B8%D1%81%D1%82%D0%B0 HTTP/1.1" 200 2631
::1 - - [21/May/2023:15:47:04 +0300] "GET /infinite_scrolling.js HTTP/1.1" 304 -
::1 - - [21/May/2023:15:47:22 +0300] "GET /?username=%D0%90%D0%BD%D1%82%D0%BE%D0%BD&report_text=%D0%A3%D1%87%D0%B8%D1%82%D1%81%D1%8F+%D0%BD%D0%B0+%D0%BF%D1%80%D0%BE%D0%B3%D1%80%D0%B0%D0%BC%D0%BC%D0%B8%D1%81%D1%82%D0%B0 HTTP/1.1" 200 2416
::1 - - [21/May/2023:15:47:22 +0300] "GET /infinite_scrolling.js HTTP/1.1" 304 -
::1 - - [21/May/2023:15:47:33 +0300] "GET /?username=%D0%90%D0%BD%D1%82%D0%BE%D0%BD&report_text=%D0%A3%D1%87%D0%B8%D1%82%D1%81%D1%8F+%D0%BD%D0%B0+%D0%BF%D1%80%D0%BE%D0%B3%D1%80%D0%B0%D0%BC%D0%BC%D0%B8%D1%81%D1%82%D0%B0 HTTP/1.1" 200 2016
::1 - - [21/May/2023:15:47:33 +0300] "GET /infinite_scrolling.js HTTP/1.1" 304 -
::1 - - [21/May/2023:15:47:41 +0300] "GET /?username=%D0%90%D0%BD%D1%82%D0%BE%D0%BD&report_text=%D0%A3%D1%87%D0%B8%D1%82%D1%81%D1%8F+%D0%BD%D0%B0+%D0%BF%D1%80%D0%BE%D0%B3%D1%80%D0%B0%D0%BC%D0%BC%D0%B8%D1%81%D1%82%D0%B0 HTTP/1.1" 200 1837
::1 - - [21/May/2023:15:47:41 +0300] "GET /infinite_scrolling.js HTTP/1.1" 304 -
::1 - - [21/May/2023:15:47:49 +0300] "GET /?username=%D0%90%D0%BD%D1%82%D0%BE%D0%BD&report_text=%D0%A3%D1%87%D0%B8%D1%82%D1%81%D1%8F+%D0%BD%D0%B0+%D0%BF%D1%80%D0%BE%D0%B3%D1%80%D0%B0%D0%BC%D0%BC%D0%B8%D1%81%D1%82%D0%B0 HTTP/1.1" 200 1437
::1 - - [21/May/2023:15:47:49 +0300] "GET /infinite_scrolling.js HTTP/1.1" 304 -
::1 - - [21/May/2023:15:48:01 +0300] "GET /?username=%D0%B2%D1%8B%D0%B4%D0%BB%D0%BF%D0%B0%D0%BE&report_text=%D1%8B%D0%B4%D0%B2%D0%BF%D1%80 HTTP/1.1" 200 1437
::1 - - [21/May/2023:15:48:01 +0300] "POST /send_report.php HTTP/1.1" 200 -
::1 - - [21/May/2023:15:48:01 +0300] "GET /infinite_scrolling.js HTTP/1.1" 304 -
::1 - - [21/May/2023:15:48:06 +0300] "POST /send_report.php HTTP/1.1" 200 -
::1 - - [21/May/2023:15:48:06 +0300] "GET /?username=%D1%8B%D0%B6%D0%B2%D1%82&report_text=%D1%8B%D0%B4%D0%B2%D0%B0%D0%BB%D1%82 HTTP/1.1" 200 1695
::1 - - [21/May/2023:15:48:20 +0300] "GET /?username=%D1%8B%D0%B6%D0%B2%D1%82&report_text=%D1%8B%D0%B4%D0%B2%D0%B0%D0%BB%D1%82 HTTP/1.1" 200 1572
::1 - - [21/May/2023:15:48:20 +0300] "GET /infinite_scrolling.js HTTP/1.1" 304 -
::1 - - [21/May/2023:15:49:45 +0300] "GET /?username=%D1%8B%D0%B6%D0%B2%D1%82&report_text=%D1%8B%D0%B4%D0%B2%D0%B0%D0%BB%D1%82 HTTP/1.1" 200 1572
::1 - - [21/May/2023:15:49:45 +0300] "GET /infinite_scrolling.js HTTP/1.1" 200 1990
::1 - - [21/May/2023:15:49:52 +0300] "GET /?username=%D1%8B%D0%B6%D0%B2%D1%82&report_text=%D1%8B%D0%B4%D0%B2%D0%B0%D0%BB%D1%82 HTTP/1.1" 200 1437
::1 - - [21/May/2023:15:49:52 +0300] "GET /infinite_scrolling.js HTTP/1.1" 304 -
::1 - - [21/May/2023:15:51:24 +0300] "GET /?username=%D1%8B%D0%B6%D0%B2%D1%82&report_text=%D1%8B%D0%B4%D0%B2%D0%B0%D0%BB%D1%82 HTTP/1.1" 200 1437
::1 - - [21/May/2023:15:51:24 +0300] "GET /infinite_scrolling.js HTTP/1.1" 200 2031
::1 - - [21/May/2023:15:51:27 +0300] "GET /?username=%D1%8B%D0%B6%D0%B2%D1%82&report_text=%D1%8B%D0%B4%D0%B2%D0%B0%D0%BB%D1%82 HTTP/1.1" 200 1437
::1 - - [21/May/2023:15:51:27 +0300] "GET /infinite_scrolling.js HTTP/1.1" 304 -
::1 - - [21/May/2023:15:51:40 +0300] "GET /?username=%D1%8B%D0%B6%D0%B2%D1%82&report_text=%D1%8B%D0%B4%D0%B2%D0%B0%D0%BB%D1%82 HTTP/1.1" 200 1437
::1 - - [21/May/2023:15:51:40 +0300] "GET /infinite_scrolling.js HTTP/1.1" 200 2023
::1 - - [21/May/2023:15:52:05 +0300] "GET /?username=%D1%8B%D0%B6%D0%B2%D1%82&report_text=%D1%8B%D0%B4%D0%B2%D0%B0%D0%BB%D1%82 HTTP/1.1" 200 1032
::1 - - [21/May/2023:15:52:05 +0300] "GET /infinite_scrolling.js HTTP/1.1" 304 -
::1 - - [21/May/2023:15:52:17 +0300] "POST /send_report.php HTTP/1.1" 200 -
::1 - - [21/May/2023:15:52:17 +0300] "GET /?username=1&report_text=asdl%3Bkfj%3Balkjg HTTP/1.1" 200 1109
::1 - - [21/May/2023:15:52:17 +0300] "GET /infinite_scrolling.js HTTP/1.1" 304 -
::1 - - [21/May/2023:15:52:22 +0300] "POST /send_report.php HTTP/1.1" 200 -
::1 - - [21/May/2023:15:52:22 +0300] "GET /?username=2&report_text=sd%3Bfghos%3Bdigfn HTTP/1.1" 200 1187
::1 - - [21/May/2023:15:52:23 +0300] "GET /infinite_scrolling.js HTTP/1.1" 304 -
::1 - - [21/May/2023:15:52:31 +0300] "POST /send_report.php HTTP/1.1" 200 -
::1 - - [21/May/2023:15:52:31 +0300] "GET /?username=3&report_text=%3Bsdnfv%3Bdnfo%3B HTTP/1.1" 200 1263
::1 - - [21/May/2023:15:52:31 +0300] "GET /infinite_scrolling.js HTTP/1.1" 304 -
::1 - - [21/May/2023:15:52:38 +0300] "POST /send_report.php HTTP/1.1" 200 -
::1 - - [21/May/2023:15:52:38 +0300] "GET /?username=4&report_text=aoihbaeopbnaoe HTTP/1.1" 200 1341
::1 - - [21/May/2023:15:52:38 +0300] "GET /infinite_scrolling.js HTTP/1.1" 304 -
::1 - - [21/May/2023:15:52:45 +0300] "POST /send_report.php HTTP/1.1" 200 -
::1 - - [21/May/2023:15:52:45 +0300] "GET /?username=5&report_text=v%3Bdfban%3Boadovi+ HTTP/1.1" 200 1420
::1 - - [21/May/2023:15:52:45 +0300] "GET /infinite_scrolling.js HTTP/1.1" 304 -
::1 - - [21/May/2023:15:52:57 +0300] "POST /send_report.php HTTP/1.1" 200 -
::1 - - [21/May/2023:15:52:57 +0300] "GET /?username=6&report_text=dfjbndo%3Bfbnodinfnnnnnnnnnnnnnnnnnnnnnnnnnnnnnnnnnnnnnnnnnnnnnnnnnnnnnnnnnnnnnnnnnnnnnnnnnnnnnnnnnnnnnnnnnnnnnnnnnnnnnnnnnnnnnnnnnnnnnnnnnnnnnnnnnnnnnnnnnnnnnnnnnnnnnnnnnnnnnnnnnnnnnnnnnnnnnnnnnnnnnn HTTP/1.1" 200 1682
::1 - - [21/May/2023:15:52:58 +0300] "GET /infinite_scrolling.js HTTP/1.1" 304 -
::1 - - [21/May/2023:15:53:07 +0300] "POST /send_report.php HTTP/1.1" 200 504
::1 - - [21/May/2023:15:53:07 +0300] "GET /?username=f&report_text=d%3Bfbno%3Bdfsgbn%27sdngb%27 HTTP/1.1" 200 1682
::1 - - [21/May/2023:15:53:07 +0300] "GET /infinite_scrolling.js HTTP/1.1" 304 -
::1 - - [21/May/2023:15:53:17 +0300] "POST /send_report.php HTTP/1.1" 200 -
::1 - - [21/May/2023:15:53:17 +0300] "GET /?username=dfbndofn&report_text=df%3Bbndfbon HTTP/1.1" 200 1763
::1 - - [21/May/2023:15:53:17 +0300] "GET /infinite_scrolling.js HTTP/1.1" 304 -
::1 - - [21/May/2023:15:53:40 +0300] "GET /?username=dfbndofn&report_text=df%3Bbndfbon HTTP/1.1" 200 1763
::1 - - [21/May/2023:15:53:40 +0300] "GET /infinite_scrolling.js HTTP/1.1" 304 -
::1 - - [21/May/2023:15:54:25 +0300] "GET /?username=dfbndofn&report_text=df%3Bbndfbon HTTP/1.1" 200 1763
::1 - - [21/May/2023:15:54:25 +0300] "GET /infinite_scrolling.js HTTP/1.1" 200 2024
::1 - - [21/May/2023:15:54:51 +0300] "GET /?username=dfbndofn&report_text=df%3Bbndfbon HTTP/1.1" 200 1763
::1 - - [21/May/2023:15:54:51 +0300] "GET /infinite_scrolling.js HTTP/1.1" 200 2022
::1 - - [21/May/2023:15:55:27 +0300] "GET /?username=dfbndofn&report_text=df%3Bbndfbon HTTP/1.1" 200 1763
::1 - - [21/May/2023:15:55:27 +0300] "GET /jquery-3.7.0.min.js HTTP/1.1" 304 -
::1 - - [21/May/2023:15:55:27 +0300] "GET /infinite_scrolling.js HTTP/1.1" 200 2086
::1 - - [21/May/2023:15:55:58 +0300] "GET /?username=dfbndofn&report_text=df%3Bbndfbon HTTP/1.1" 200 1763
::1 - - [21/May/2023:15:55:58 +0300] "GET /infinite_scrolling.js HTTP/1.1" 200 2088
::1 - - [21/May/2023:15:56:07 +0300] "POST /send_report.php HTTP/1.1" 200 -
::1 - - [21/May/2023:15:56:07 +0300] "GET /?username=Tony&report_text=gladbfpubaep HTTP/1.1" 200 1842
::1 - - [21/May/2023:15:56:07 +0300] "GET /infinite_scrolling.js HTTP/1.1" 304 -
::1 - - [21/May/2023:15:56:17 +0300] "POST /send_report.php HTTP/1.1" 200 -
::1 - - [21/May/2023:15:56:17 +0300] "GET /?username=agdneapnb&report_text=orbnbionsr HTTP/1.1" 200 1924
::1 - - [21/May/2023:15:56:17 +0300] "GET /infinite_scrolling.js HTTP/1.1" 304 -
::1 - - [21/May/2023:15:58:06 +0300] "POST /send_report.php HTTP/1.1" 200 -
::1 - - [21/May/2023:15:58:06 +0300] "GET /?username=oaisdjg&report_text=lgk%0D%0Amgf%0D%0Afglkhjf%5Bghj%0D%0Afdghljsdfhpojsdfgh%5Bijd%0D%0A HTTP/1.1" 200 1156
::1 - - [21/May/2023:15:58:06 +0300] "GET /infinite_scrolling.js HTTP/1.1" 200 2018
::1 - - [21/May/2023:15:59:21 +0300] "POST /send_report.php HTTP/1.1" 200 -
::1 - - [21/May/2023:15:59:21 +0300] "GET /?username=&report_text=dlkjgfh%0D%0Akdkfljgh%0D%0Adlksgfjh HTTP/1.1" 200 1250
::1 - - [21/May/2023:15:59:21 +0300] "GET /infinite_scrolling.js HTTP/1.1" 304 -
::1 - - [21/May/2023:15:59:33 +0300] "POST /send_report.php HTTP/1.1" 200 -
::1 - - [21/May/2023:15:59:33 +0300] "GET /?username=&report_text=dddddddddddddddddddddddddddg+dasffgdhfgh+fdg+hfdghfdgh+fdgh+fdgh+ HTTP/1.1" 200 1378
::1 - - [21/May/2023:15:59:41 +0300] "POST /send_report.php HTTP/1.1" 200 -
::1 - - [21/May/2023:15:59:41 +0300] "GET /?username=&report_text=gffffffffffffffffffffffffffffffffffffffffffffffffffffffffffffffffffffffffffffffffffffffffffffffffffffffffffffffffffffffffffffffffff HTTP/1.1" 200 1572
::1 - - [21/May/2023:15:59:41 +0300] "GET /infinite_scrolling.js HTTP/1.1" 304 -
::1 - - [21/May/2023:16:01:16 +0300] "GET /?username=&report_text=gffffffffffffffffffffffffffffffffffffffffffffffffffffffffffffffffffffffffffffffffffffffffffffffffffffffffffffffffffffffffffffffffff HTTP/1.1" 200 1032
::1 - - [21/May/2023:16:01:16 +0300] "GET /infinite_scrolling.js HTTP/1.1" 304 -
::1 - - [21/May/2023:16:01:40 +0300] "POST /send_report.php HTTP/1.1" 200 -
::1 - - [21/May/2023:16:01:40 +0300] "GET /?username=%D0%90%D0%BD%D1%82%D0%BE%D0%BD&report_text=%D0%98%D0%B3%D1%80%D0%B0%D0%B5%D1%82+%D0%BD%D0%B0+%D0%B3%D0%B8%D1%82%D0%B0%D1%80%D0%B5%0D%0A%D0%97%D0%B0%D0%BD%D0%B8%D0%BC%D0%B0%D0%B5%D1%82%D1%81%D1%8F+%D1%81%D0%BF%D0%BE%D1%80%D1%82%D0%BE%D0%BC%0D%0A%D0%A3%D1%87%D0%B8%D1%82%D1%81%D1%8F+%D0%BD%D0%B0+%D0%BF%D1%80%D0%BE%D0%B3%D1%80%D0%B0%D0%BC%D0%BC%D0%B8%D1%81%D1%82%D0%B0 HTTP/1.1" 200 1443
::1 - - [21/May/2023:16:06:56 +0300] "GET / HTTP/1.1" 200 1443
::1 - - [21/May/2023:16:06:56 +0300] "GET /infinite_scrolling.js HTTP/1.1" 304 -
::1 - - [21/May/2023:16:07:24 +0300] "GET /?username=%D0%9B%D0%B8%D0%B7%D0%B0&report_text=%D0%98%D0%B3%D1%80%D0%B0%D0%B5%D1%82+%D0%B2+%D0%B2%D0%BE%D0%BB%D0%B5%D0%B9%D0%B1%D0%BE%D0%BB%0D%0A%D0%A3%D1%87%D0%B8%D1%82%D1%81%D1%8F+%D0%BD%D0%B0+%D0%B4%D0%B8%D0%B7%D0%B0%D0%B9%D0%BD%D0%B5%D1%80%D0%B0%0D%0A%D0%9B%D1%8E%D0%B1%D0%B8%D1%82+%D1%87%D0%B8%D1%82%D0%B0%D1%82%D1%8C+%D0%BA%D0%BD%D0%B8%D0%B3%D0%B8 HTTP/1.1" 200 1443
::1 - - [21/May/2023:16:07:24 +0300] "POST /send_report.php HTTP/1.1" 200 -
::1 - - [21/May/2023:16:07:33 +0300] "GET /?username=%D0%9B%D0%B8%D0%B7%D0%B0&report_text=%D0%98%D0%B3%D1%80%D0%B0%D0%B5%D1%82+%D0%B2+%D0%B2%D0%BE%D0%BB%D0%B5%D0%B9%D0%B1%D0%BE%D0%BB%0D%0A%D0%A3%D1%87%D0%B8%D1%82%D1%81%D1%8F+%D0%BD%D0%B0+%D0%B4%D0%B8%D0%B7%D0%B0%D0%B9%D0%BD%D0%B5%D1%80%D0%B0%0D%0A%D0%9B%D1%8E%D0%B1%D0%B8%D1%82+%D1%87%D0%B8%D1%82%D0%B0%D1%82%D1%8C+%D0%BA%D0%BD%D0%B8%D0%B3%D0%B8 HTTP/1.1" 200 1832
::1 - - [21/May/2023:16:08:10 +0300] "POST /send_report.php HTTP/1.1" 200 -
::1 - - [21/May/2023:16:08:10 +0300] "GET /?username=%D0%92%D0%B8%D1%82%D1%8F&report_text=%D0%91%D0%B5%D0%B3%D0%B0%D0%B5%D1%82+%D0%BD%D0%B0+%D0%B4%D0%BE%D1%80%D0%BE%D0%B6%D0%BA%D0%B5%0D%0A%D0%A3%D1%87%D0%B8%D1%82%D1%81%D1%8F+%D0%BD%D0%B0+%D1%8F%D0%B4%D0%B5%D1%80%D1%89%D0%B8%D0%BA%D0%B0%0D%0A%D0%9E%D0%B1%D0%BE%D0%B6%D0%B0%D0%B5%D1%82+%D1%88%D0%B0%D1%85%D0%BC%D0%B0%D1%82%D1%8B%0D%0A HTTP/1.1" 200 2206
::1 - - [21/May/2023:16:08:10 +0300] "GET /infinite_scrolling.js HTTP/1.1" 304 -
::1 - - [21/May/2023:16:08:57 +0300] "GET /?username=%D0%92%D0%B8%D1%82%D1%8F&report_text=%D0%91%D0%B5%D0%B3%D0%B0%D0%B5%D1%82+%D0%BD%D0%B0+%D0%B4%D0%BE%D1%80%D0%BE%D0%B6%D0%BA%D0%B5%0D%0A%D0%A3%D1%87%D0%B8%D1%82%D1%81%D1%8F+%D0%BD%D0%B0+%D1%8F%D0%B4%D0%B5%D1%80%D1%89%D0%B8%D0%BA%D0%B0%0D%0A%D0%9E%D0%B1%D0%BE%D0%B6%D0%B0%D0%B5%D1%82+%D1%88%D0%B0%D1%85%D0%BC%D0%B0%D1%82%D1%8B%0D%0A HTTP/1.1" 200 1832
::1 - - [21/May/2023:16:09:07 +0300] "GET /?username=%D0%92%D0%B8%D1%82%D1%8F&report_text=%D0%91%D0%B5%D0%B3%D0%B0%D0%B5%D1%82+%D0%BD%D0%B0+%D0%B4%D0%BE%D1%80%D0%BE%D0%B6%D0%BA%D0%B5%0D%0A%D0%A3%D1%87%D0%B8%D1%82%D1%81%D1%8F+%D0%BD%D0%B0+%D1%8F%D0%B4%D0%B5%D1%80%D1%89%D0%B8%D0%BA%D0%B0%0D%0A%D0%9E%D0%B1%D0%BE%D0%B6%D0%B0%D0%B5%D1%82+%D1%88%D0%B0%D1%85%D0%BC%D0%B0%D1%82%D1%8B%0D%0A HTTP/1.1" 200 1443
::1 - - [21/May/2023:16:09:34 +0300] "GET /?username=%D0%92%D0%B8%D1%82%D1%8F&report_text=%D0%91%D0%B5%D0%B3%D0%B0%D0%B5%D1%82+%D0%BD%D0%B0+%D0%B4%D0%BE%D1%80%D0%BE%D0%B6%D0%BA%D0%B5%0D%0A%D0%98%D0%B3%D1%80%D0%B0%D0%B5%D1%82+%D0%B2+%D1%84%D1%83%D1%82%D0%B1%D0%BE%D0%BB%0D%0A%D0%A3%D1%87%D0%B8%D1%82%D1%81%D1%8F+%D0%BD%D0%B0+%D1%8F%D0%B4%D0%B5%D1%80%D1%89%D0%B8%D0%BA%D0%B0 HTTP/1.1" 200 1443
::1 - - [21/May/2023:16:09:34 +0300] "POST /send_report.php HTTP/1.1" 200 -
::1 - - [21/May/2023:16:09:34 +0300] "GET /infinite_scrolling.js HTTP/1.1" 304 -
::1 - - [21/May/2023:16:10:07 +0300] "POST /send_report.php HTTP/1.1" 200 -
::1 - - [21/May/2023:16:10:07 +0300] "GET /?username=%D0%9B%D0%B8%D0%B7%D0%B0&report_text=%D0%A3%D1%87%D0%B8%D1%82%D1%81%D1%8F+%D0%BD%D0%B0+%D0%B4%D0%B8%D0%B7%D0%B0%D0%B9%D0%BD%D0%B5%D1%80%D0%B0%0D%0A%D0%9B%D1%8E%D0%B1%D0%B8%D1%82+%D1%87%D0%B8%D1%82%D0%B0%D1%82%D1%8C+%0D%0A%D0%9E%D0%B1%D0%BE%D0%B6%D0%B0%D0%B5%D1%82+%D0%B2%D1%8B%D1%81%D1%82%D0%B0%D0%B2%D0%BA%D0%B8 HTTP/1.1" 200 2166
::1 - - [21/May/2023:16:11:54 +0300] "GET /?username=%D0%9B%D0%B8%D0%B7%D0%B0&report_text=%D0%A3%D1%87%D0%B8%D1%82%D1%81%D1%8F+%D0%BD%D0%B0+%D0%B4%D0%B8%D0%B7%D0%B0%D0%B9%D0%BD%D0%B5%D1%80%D0%B0%0D%0A%D0%9B%D1%8E%D0%B1%D0%B8%D1%82+%D1%87%D0%B8%D1%82%D0%B0%D1%82%D1%8C+%0D%0A%D0%9E%D0%B1%D0%BE%D0%B6%D0%B0%D0%B5%D1%82+%D0%B2%D1%8B%D1%81%D1%82%D0%B0%D0%B2%D0%BA%D0%B8 HTTP/1.1" 200 1443
::1 - - [21/May/2023:16:11:54 +0300] "GET /infinite_scrolling.js HTTP/1.1" 200 2124
::1 - - [21/May/2023:16:12:03 +0300] "POST /send_report.php HTTP/1.1" 200 -
::1 - - [21/May/2023:16:12:03 +0300] "GET /?username=dfghsdiofgh&report_text=sdfghpisdofhg HTTP/1.1" 200 1530
::1 - - [21/May/2023:16:12:03 +0300] "GET /infinite_scrolling.js HTTP/1.1" 304 -
::1 - - [21/May/2023:16:12:20 +0300] "GET /?username=dfghsdiofgh&report_text=sdfghpisdofhg HTTP/1.1" 200 1443
::1 - - [21/May/2023:16:12:20 +0300] "GET /infinite_scrolling.js HTTP/1.1" 304 -
::1 - - [21/May/2023:16:12:33 +0300] "POST /send_report.php HTTP/1.1" 200 -
::1 - - [21/May/2023:16:12:33 +0300] "GET /?username=%D0%92%D0%B8%D1%82%D1%8F&report_text=%D0%98%D0%B3%D1%80%D0%B0%D0%B5%D1%82%0D%0A%D0%BF%D1%80%D1%8B%D0%B3%D0%B0%D0%B5%D1%82%0D%0A%D0%B1%D0%B5%D0%B3%D0%B0%D0%B5%D1%82 HTTP/1.1" 200 1652
::1 - - [21/May/2023:16:12:33 +0300] "GET /infinite_scrolling.js HTTP/1.1" 304 -
::1 - - [21/May/2023:16:12:55 +0300] "GET /?username=%D0%92%D0%B8%D1%82%D1%8F&report_text=%D0%98%D0%B3%D1%80%D0%B0%D0%B5%D1%82%0D%0A%D0%BF%D1%80%D1%8B%D0%B3%D0%B0%D0%B5%D1%82%0D%0A%D0%B1%D0%B5%D0%B3%D0%B0%D0%B5%D1%82 HTTP/1.1" 200 1032
::1 - - [21/May/2023:16:12:55 +0300] "GET /infinite_scrolling.js HTTP/1.1" 304 -
::1 - - [21/May/2023:16:13:14 +0300] "POST /send_report.php HTTP/1.1" 200 -
::1 - - [21/May/2023:16:13:14 +0300] "GET /?username=%D0%90%D0%BD%D1%82%D0%BE%D0%BD&report_text=%D0%98%D0%B3%D1%80%D0%B0%D0%B5%D1%82+%D0%BD%D0%B0+%D0%B3%D0%B8%D1%82%D0%B0%D1%80%D0%B5%0D%0A%D0%97%D0%B0%D0%BD%D0%B8%D0%BC%D0%B0%D0%B5%D1%82%D1%81%D1%8F+%D1%81%D0%BF%D0%BE%D1%80%D1%82%D0%BE%D0%BC%0D%0A%D0%A3%D1%87%D0%B8%D1%82%D1%81%D1%8F+%D0%BD%D0%B0+%D0%BF%D1%80%D0%BE%D0%B3%D1%80%D0%B0%D0%BC%D0%BC%D0%B8%D1%81%D1%82%D0%B0%0D%0A HTTP/1.1" 200 1447
::1 - - [21/May/2023:16:13:14 +0300] "GET /infinite_scrolling.js HTTP/1.1" 304 -
::1 - - [21/May/2023:16:13:36 +0300] "GET /?username=%D0%9B%D0%B8%D0%B7%D0%B0&report_text=%D0%91%D0%B5%D0%B3%D0%B0%D0%B5%D1%82+%D0%BF%D0%BE+%D1%83%D1%82%D1%80%D0%B0%D0%BC%0D%0A%D0%A3%D1%87%D0%B8%D1%82%D1%81%D1%8F+%D0%BD%D0%B0+%D0%B8%D1%81%D0%BA%D1%83%D1%81%D1%81%D1%82%D0%B2%D0%BE%D0%B2%D0%B5%D0%B4%D0%B0%0D%0A%D0%9B%D1%8E%D0%B1%D0%B8%D1%82+%D1%87%D0%B8%D1%82%D0%B0%D1%82%D1%8C HTTP/1.1" 200 1447
::1 - - [21/May/2023:16:13:36 +0300] "POST /send_report.php HTTP/1.1" 200 -
::1 - - [21/May/2023:16:13:36 +0300] "GET /infinite_scrolling.js HTTP/1.1" 304 -
::1 - - [21/May/2023:16:14:19 +0300] "GET /?username=%D0%9B%D0%B8%D0%B7%D0%B0&report_text=%D0%91%D0%B5%D0%B3%D0%B0%D0%B5%D1%82+%D0%BF%D0%BE+%D1%83%D1%82%D1%80%D0%B0%D0%BC%0D%0A%D0%A3%D1%87%D0%B8%D1%82%D1%81%D1%8F+%D0%BD%D0%B0+%D0%B8%D1%81%D0%BA%D1%83%D1%81%D1%81%D1%82%D0%B2%D0%BE%D0%B2%D0%B5%D0%B4%D0%B0%0D%0A%D0%9B%D1%8E%D0%B1%D0%B8%D1%82+%D1%87%D0%B8%D1%82%D0%B0%D1%82%D1%8C HTTP/1.1" 200 1817
::1 - - [21/May/2023:16:14:19 +0300] "GET /infinite_scrolling.js HTTP/1.1" 304 -
::1 - - [21/May/2023:16:15:21 +0300] "POST /send_report.php HTTP/1.1" 200 -
::1 - - [21/May/2023:16:15:21 +0300] "GET /?username=%D1%8E%D1%8B%D0%B2%D0%BE%D0%B8%D0%BF%D0%B2%D0%B0&report_text=%D0%B2%D0%B0%D0%BF%D1%8B%D0%B2%D0%B0%D0%BF%D0%B8%D1%80%D0%BB%D0%BE HTTP/1.1" 200 1994
::1 - - [21/May/2023:16:15:21 +0300] "GET /infinite_scrolling.js HTTP/1.1" 304 -
::1 - - [21/May/2023:16:15:37 +0300] "GET /?username=%D1%8E%D1%8B%D0%B2%D0%BE%D0%B8%D0%BF%D0%B2%D0%B0&report_text=%D0%B2%D0%B0%D0%BF%D1%8B%D0%B2%D0%B0%D0%BF%D0%B8%D1%80%D0%BB%D0%BE HTTP/1.1" 200 1032
::1 - - [21/May/2023:16:15:43 +0300] "GET /?username=%D1%84%D0%B2%D1%8B%D0%BF%D0%B6%D0%B0%D1%88%D0%BE%D0%B2%D1%84&report_text=%D0%B2%D0%B0%D0%BF%D1%80%D0%B7%D1%8B%D0%B2%D0%B0%D1%80%D0%B3%D0%BF HTTP/1.1" 200 1032
::1 - - [21/May/2023:16:15:43 +0300] "POST /send_report.php HTTP/1.1" 200 -
::1 - - [21/May/2023:16:15:48 +0300] "POST /send_report.php HTTP/1.1" 200 -
::1 - - [21/May/2023:16:15:48 +0300] "GET /?username=%D0%B7%D1%88%D0%BF%D1%84%D0%B2%D0%B3%D0%B0%D1%80%D1%8B%D0%B7%D1%89&report_text=%D0%B0%D0%BF%D1%8B%D0%B7%D0%B8%D1%80%D1%82%D0%B0%D0%BF%D0%B7%D1%88%D1%89%D0%B8%D1%82 HTTP/1.1" 200 1433
::1 - - [21/May/2023:16:15:48 +0300] "GET /infinite_scrolling.js HTTP/1.1" 304 -
::1 - - [21/May/2023:16:15:54 +0300] "POST /send_report.php HTTP/1.1" 200 -
::1 - - [21/May/2023:16:15:54 +0300] "GET /?username=%D0%B7%D0%B2%D1%88%D0%B0%D0%B3%D0%BF%D1%80%D0%B8%D0%B2%D0%B7%D1%89%D1%80&report_text=%D0%B0%D0%B2%D0%BF%D0%B7%D1%88%D0%B8%D0%B3%D1%80%D1%8B%D0%B0%D0%B2%D0%B7%D0%BF%D1%88%D1%89%D0%B3%D1%80%D0%B8 HTTP/1.1" 200 1676
::1 - - [21/May/2023:16:15:56 +0300] "GET /?username=%D0%B7%D0%B2%D1%88%D0%B0%D0%B3%D0%BF%D1%80%D0%B8%D0%B2%D0%B7%D1%89%D1%80&report_text=%D0%B0%D0%B2%D0%BF%D0%B7%D1%88%D0%B8%D0%B3%D1%80%D1%8B%D0%B0%D0%B2%D0%B7%D0%BF%D1%88%D1%89%D0%B3%D1%80%D0%B8 HTTP/1.1" 200 1676
::1 - - [21/May/2023:16:16:09 +0300] "GET /?username=%D0%B7%D0%B2%D1%88%D0%B0%D0%B3%D0%BF%D1%80%D0%B8%D0%B2%D0%B7%D1%89%D1%80&report_text=%D0%B0%D0%B2%D0%BF%D0%B7%D1%88%D0%B8%D0%B3%D1%80%D1%8B%D0%B0%D0%B2%D0%B7%D0%BF%D1%88%D1%89%D0%B3%D1%80%D0%B8 HTTP/1.1" 200 1032
::1 - - [21/May/2023:16:16:09 +0300] "GET /jquery-3.7.0.min.js HTTP/1.1" 304 -
::1 - - [21/May/2023:16:16:15 +0300] "POST /send_report.php HTTP/1.1" 200 -
::1 - - [21/May/2023:16:16:15 +0300] "GET /?username=%D1%83%D0%B6%D0%BF%D1%80%D0%BA%D1%86%D0%B5%D0%BF9%D1%80&report_text=%D0%B7%D1%89%D0%BA%D1%88%D0%BF%D0%B5%D1%80%D0%BA%D1%89%D0%B5%0D%0A%D1%86%D0%BA%D1%88%D0%B3%D0%BF%D0%B5%D1%80%D0%BA%D1%86%D1%85%D0%B7%D1%80%D0%B5%0D%0A%D1%86%D0%BA%D1%89%D0%B5%D0%B3%D0%BF%D1%80%D1%86%D0%BA%D0%B7 HTTP/1.1" 200 1355
::1 - - [21/May/2023:16:16:15 +0300] "GET /infinite_scrolling.js HTTP/1.1" 304 -
::1 - - [21/May/2023:16:16:23 +0300] "POST /send_report.php HTTP/1.1" 200 -
::1 - - [21/May/2023:16:16:23 +0300] "GET /?username=%D1%86%D0%BA%D0%B5%D0%B7%D1%89%D1%88%D0%BF%D1%80%D1%86%D0%BA%D1%89%D1%80%D0%B5%D1%88%D0%BF&report_text=%D0%BA%D1%86%D0%B7%D0%B5%D1%88%D0%BF%D0%B3%D1%80%D1%86%D0%BA%D1%89%D0%B7%D0%B5%D0%B3%D0%BF%D1%80%0D%0A%D0%BA%D1%86%D0%B5%D0%BF%D1%88%D1%80%D0%BA%D1%86%D0%B3%D0%BF%D1%80%0D%0A%D0%BA%D1%86%D1%88%D0%B5%D0%BF%D1%80%D1%88%D1%86%D0%B7%D0%BA%D0%B3%D0%B5 HTTP/1.1" 200 1750
::1 - - [21/May/2023:16:16:28 +0300] "POST /send_report.php HTTP/1.1" 200 -
::1 - - [21/May/2023:16:16:28 +0300] "GET /?username=%D1%86%D0%B7%D0%BA%D0%B5%D0%BF%D1%88%D0%B3%D1%80%D1%86%D0%BA%D0%B7%D1%89%D0%B5%D0%B3%D1%80%D0%BF&report_text=%D1%88%D0%BA%D1%86%D0%B5%D0%B3%D0%B8%D1%80%D0%B7%D0%B3%D1%88%D1%89%D1%80 HTTP/1.1" 200 1981
::1 - - [21/May/2023:16:16:43 +0300] "GET /?username=%D1%86%D0%B7%D0%BA%D0%B5%D0%BF%D1%88%D0%B3%D1%80%D1%86%D0%BA%D0%B7%D1%89%D0%B5%D0%B3%D1%80%D0%BF&report_text=%D1%88%D0%BA%D1%86%D0%B5%D0%B3%D0%B8%D1%80%D0%B7%D0%B3%D1%88%D1%89%D1%80 HTTP/1.1" 200 1032
::1 - - [21/May/2023:16:16:43 +0300] "GET /infinite_scrolling.js HTTP/1.1" 304 -
::1 - - [21/May/2023:16:16:48 +0300] "POST /send_report.php HTTP/1.1" 200 -
::1 - - [21/May/2023:16:16:48 +0300] "GET /?username=%D1%8B%D0%B2%D0%B7%D0%BF%D1%80&report_text=%D1%8B%D0%B7%D0%B2%D1%88%D0%BF HTTP/1.1" 200 1154
::1 - - [21/May/2023:16:16:56 +0300] "POST /send_report.php HTTP/1.1" 200 -
::1 - - [21/May/2023:16:16:56 +0300] "GET /?username=%D0%B2%D0%B7%D0%B0%D1%88%D0%BF%D0%B3%D1%80%D1%8B%D0%B2%D1%88%D0%B7%D0%B3%D0%B2%D1%8B%D0%B0%D1%88%D0%B7%D0%BF%D1%80%D0%B2%D0%B0%D1%88%D0%BF&report_text=%D0%B2%D1%88%D0%B0%D0%B7%D0%B3%D0%BF%D1%88%D1%8B%D0%B2%D0%B7%D0%B3%D0%B0%D1%80%D0%BF%D0%B7%D1%88%D0%B2%D1%8B%D0%B3%D0%B0%D1%80%D0%BF HTTP/1.1" 200 1487
::1 - - [21/May/2023:16:17:03 +0300] "POST /send_report.php HTTP/1.1" 200 -
::1 - - [21/May/2023:16:17:03 +0300] "GET /?username=%D0%B2%D1%8B%D0%B0%D0%B7%D1%88%D0%BF%D0%B3%D1%80%D0%B2%D1%8B%D0%B7%D0%B0%D0%BF&report_text=%D0%B2%D1%8B%D0%B7%D1%88%D0%B0%D0%B3%D0%BF%D1%80%D0%B7%D1%8B%D0%B2%D0%B0%D1%88%D0%B3%D1%80%D0%BF HTTP/1.1" 200 1724
::1 - - [21/May/2023:16:17:07 +0300] "GET /?username=%D0%B2%D1%8B%D0%B0%D0%B7%D1%88%D0%BF%D0%B3%D1%80%D0%B2%D1%8B%D0%B7%D0%B0%D0%BF&report_text=%D0%B2%D1%8B%D0%B7%D1%88%D0%B0%D0%B3%D0%BF%D1%80%D0%B7%D1%8B%D0%B2%D0%B0%D1%88%D0%B3%D1%80%D0%BF HTTP/1.1" 200 1724
::1 - - [21/May/2023:16:17:16 +0300] "POST /send_report.php HTTP/1.1" 200 -
::1 - - [21/May/2023:16:17:16 +0300] "GET /?username=&report_text=%D0%BF%D0%B2%D1%8B%D0%B0%D0%BE%D0%B7%D0%B2%D1%88%D1%89%D0%B8 HTTP/1.1" 200 1847
::1 - - [21/May/2023:16:17:16 +0300] "GET /infinite_scrolling.js HTTP/1.1" 304 -
::1 - - [21/May/2023:16:17:19 +0300] "GET /?username=&report_text=%D1%89%D1%88%D0%BE HTTP/1.1" 200 1847
::1 - - [21/May/2023:16:17:19 +0300] "POST /send_report.php HTTP/1.1" 200 -
::1 - - [21/May/2023:16:17:25 +0300] "POST /send_report.php HTTP/1.1" 200 -
::1 - - [21/May/2023:16:17:25 +0300] "GET /?username=&report_text=%D1%89%D0%BB HTTP/1.1" 200 2003
::1 - - [21/May/2023:16:17:30 +0300] "POST /send_report.php HTTP/1.1" 200 -
::1 - - [21/May/2023:16:17:30 +0300] "GET /?username=&report_text=%D1%89%D0%BB HTTP/1.1" 200 2078
::1 - - [21/May/2023:16:17:35 +0300] "POST /send_report.php HTTP/1.1" 200 -
::1 - - [21/May/2023:16:17:35 +0300] "GET /?username=&report_text=%D0%BB%D1%8C HTTP/1.1" 200 2153
::1 - - [21/May/2023:16:17:38 +0300] "POST /send_report.php HTTP/1.1" 200 -
::1 - - [21/May/2023:16:17:38 +0300] "GET /?username=&report_text=%D1%8C%D0%BB%D0%BB HTTP/1.1" 200 2234
::1 - - [21/May/2023:16:17:47 +0300] "POST /send_report.php HTTP/1.1" 200 -
::1 - - [21/May/2023:16:17:47 +0300] "GET /?username=&report_text=%D0%BB%D1%8C HTTP/1.1" 200 2309
::1 - - [21/May/2023:16:22:52 +0300] "GET /?username=&report_text=%D0%BB%D1%8C HTTP/1.1" 200 2362
::1 - - [21/May/2023:16:22:52 +0300] "GET /infinite_scrolling.js HTTP/1.1" 304 -
::1 - - [21/May/2023:16:23:09 +0300] "GET /?username=&report_text=%D0%BB%D1%8C HTTP/1.1" 200 1085
::1 - - [21/May/2023:16:23:13 +0300] "GET /?username=cxvvb&report_text=cvb HTTP/1.1" 200 1085
::1 - - [21/May/2023:16:23:18 +0300] "GET /?username=dfg&report_text=fdb HTTP/1.1" 200 1085
::1 - - [21/May/2023:16:23:22 +0300] "GET /?username=dfg&report_text=fb HTTP/1.1" 200 1085
::1 - - [21/May/2023:16:23:25 +0300] "GET /?username=dfg&report_text=dcb HTTP/1.1" 200 1085
::1 - - [21/May/2023:16:23:44 +0300] "GET /?username=dfg&report_text=dcb HTTP/1.1" 200 1032
::1 - - [21/May/2023:16:23:52 +0300] "POST /send_report.php HTTP/1.1" 200 -
::1 - - [21/May/2023:16:23:52 +0300] "GET /?username=cvbcvc&report_text=vcbc HTTP/1.1" 200 1104
::1 - - [21/May/2023:16:24:04 +0300] "POST /send_report.php HTTP/1.1" 200 -
::1 - - [21/May/2023:16:24:04 +0300] "GET /?username=dfgdf&report_text=fdbd HTTP/1.1" 200 1176
::1 - - [21/May/2023:16:24:04 +0300] "GET /infinite_scrolling.js HTTP/1.1" 304 -
::1 - - [21/May/2023:16:24:09 +0300] "POST /send_report.php HTTP/1.1" 200 -
::1 - - [21/May/2023:16:24:09 +0300] "GET /?username=dfbdlfk&report_text=dfb+dklf HTTP/1.1" 200 1254
::1 - - [21/May/2023:16:24:59 +0300] "GET /?username=dfbdlfk&report_text=dfb+dklf HTTP/1.1" 200 1032
::1 - - [21/May/2023:16:25:21 +0300] "POST /send_report.php HTTP/1.1" 200 -
::1 - - [21/May/2023:16:25:21 +0300] "GET /?username=%D0%90%D0%BD%D1%82%D0%BE%D0%BD&report_text=%D0%98%D0%B3%D1%80%D0%B0%D0%B5%D1%82+%D0%BD%D0%B0+%D0%B3%D0%B8%D1%82%D0%B0%D1%80%D0%B5%0D%0A%D0%97%D0%B0%D0%BD%D0%B8%D0%BC%D0%B0%D0%B5%D1%82%D1%81%D1%8F+%D1%81%D0%BF%D0%BE%D1%80%D1%82%D0%BE%D0%BC%0D%0A%D0%A3%D1%87%D0%B8%D1%82%D1%81%D1%8F+%D0%BD%D0%B0+%D0%BF%D1%80%D0%BE%D0%B3%D1%80%D0%B0%D0%BC%D0%BC%D0%B8%D1%81%D1%82%D0%B0 HTTP/1.1" 200 1443
::1 - - [21/May/2023:16:25:21 +0300] "GET /infinite_scrolling.js HTTP/1.1" 304 -
::1 - - [21/May/2023:16:25:47 +0300] "POST /send_report.php HTTP/1.1" 200 -
::1 - - [21/May/2023:16:25:47 +0300] "GET /?username=%D0%9B%D0%B8%D0%B7%D0%B0&report_text=%D0%91%D0%B5%D0%B3%D0%B0%D0%B5%D1%82+%D0%BF%D0%BE+%D1%83%D1%82%D1%80%D0%B0%D0%BC%0D%0A%D0%A3%D1%87%D0%B8%D1%82%D1%81%D1%8F+%D0%BD%D0%B0+%D0%B4%D0%B8%D0%B7%D0%B0%D0%B9%D0%BD%D0%B5%D1%80%D0%B0%0D%0A%D0%9B%D1%8E%D0%B1%D0%B8%D1%82+%D1%87%D0%B8%D1%82%D0%B0%D1%82%D1%8C HTTP/1.1" 200 1789
::1 - - [21/May/2023:16:26:08 +0300] "POST /send_report.php HTTP/1.1" 200 -
::1 - - [21/May/2023:16:26:08 +0300] "GET /?username=%D0%92%D0%B8%D1%82%D1%8F&report_text=%D0%98%D0%B3%D1%80%D0%B0%D0%B5%D1%82+%D0%B2+%D1%84%D1%83%D1%82%D0%B1%D0%BE%D0%BB%0D%0A%D0%A3%D1%87%D0%B8%D1%82%D1%81%D1%8F+%D0%BD%D0%B0+%D1%8F%D0%B4%D0%B5%D1%80%D1%89%D0%B8%D0%BA%D0%B0%0D%0A%D0%9E%D0%B1%D0%BE%D0%B6%D0%B0%D0%B5%D1%82+%D0%BA%D0%BE%D0%BC%D0%BF%D1%8C%D1%8E%D1%82%D0%B5%D1%80%D0%BD%D1%8B%D0%B5+%D0%B8%D0%B3%D1%80%D1%8B HTTP/1.1" 200 2202
::1 - - [21/May/2023:16:26:54 +0300] "POST /send_report.php HTTP/1.1" 200 -
::1 - - [21/May/2023:16:26:54 +0300] "GET /?username=%D0%9E%D0%BB%D0%B5%D0%B3&report_text=%D0%A1%D0%BC%D0%BE%D1%82%D1%80%D0%B8%D1%82+%D1%84%D0%BE%D1%80%D0%BC%D1%83%D0%BB%D1%83+1%0D%0A%D0%A3%D1%87%D0%B8%D1%82%D1%81%D1%8F+%D0%BD%D0%B0+%D1%84%D0%B8%D0%BD%D0%B0%D0%BD%D1%81%D0%B8%D1%81%D1%82%D0%B0%0D%0A%D0%97%D0%B0%D0%BD%D0%B8%D0%BC%D0%B0%D0%B5%D1%82%D1%81%D1%8F+%D1%81%D0%BA%D0%B0%D0%BB%D0%BE%D0%BB%D0%B0%D0%B7%D0%B0%D0%BD%D0%B8%D0%B5%D0%BC HTTP/1.1" 200 2633
::1 - - [21/May/2023:16:26:54 +0300] "GET /infinite_scrolling.js HTTP/1.1" 304 -
::1 - - [21/May/2023:16:27:40 +0300] "GET /?username=%D0%9E%D0%BB%D0%B5%D0%B3&report_text=%D0%A1%D0%BC%D0%BE%D1%82%D1%80%D0%B8%D1%82+%D1%84%D0%BE%D1%80%D0%BC%D1%83%D0%BB%D1%83+1%0D%0A%D0%A3%D1%87%D0%B8%D1%82%D1%81%D1%8F+%D0%BD%D0%B0+%D1%84%D0%B8%D0%BD%D0%B0%D0%BD%D1%81%D0%B8%D1%81%D1%82%D0%B0%0D%0A%D0%97%D0%B0%D0%BD%D0%B8%D0%BC%D0%B0%D0%B5%D1%82%D1%81%D1%8F+%D1%81%D0%BA%D0%B0%D0%BB%D0%BE%D0%BB%D0%B0%D0%B7%D0%B0%D0%BD%D0%B8%D0%B5%D0%BC HTTP/1.1" 200 2202
::1 - - [21/May/2023:16:28:29 +0300] "POST /send_report.php HTTP/1.1" 200 -
::1 - - [21/May/2023:16:28:29 +0300] "GET /?username=%D0%9E%D0%BB%D0%B5%D0%B3&report_text=%D0%A1%D0%BC%D0%BE%D1%82%D1%80%D0%B8%D1%82+%D1%84%D0%BE%D1%80%D0%BC%D1%83%D0%BB%D1%83+1%0D%0A%D0%A3%D1%87%D0%B8%D1%82%D1%81%D1%8F+%D0%BD%D0%B0+%D1%84%D0%B8%D0%BD%D0%B0%D0%BD%D1%81%D0%B8%D1%81%D1%82%D0%B0%0D%0A%D0%97%D0%B0%D0%BD%D0%B8%D0%BC%D0%B0%D0%B5%D1%82%D1%81%D1%8F+%D1%81%D0%BA%D0%B0%D0%BB%D0%BE%D0%BB%D0%B0%D0%B7%D0%B0%D0%BD%D0%B8%D0%B5%D0%BC HTTP/1.1" 200 2633
::1 - - [21/May/2023:16:28:29 +0300] "GET /infinite_scrolling.js HTTP/1.1" 304 -
::1 - - [21/May/2023:16:29:05 +0300] "POST /send_report.php HTTP/1.1" 200 -
::1 - - [21/May/2023:16:29:05 +0300] "GET /?username=%D0%9C%D0%B0%D1%88%D0%B0&report_text=%D0%A3%D1%87%D0%B8%D1%82%D1%81%D1%8F+%D0%BD%D0%B0+%D0%BF%D0%BE%D0%BB%D0%B8%D1%82%D0%BE%D0%BB%D0%BE%D0%B3%D0%B0%0D%0A%D0%9B%D1%8E%D0%B1%D0%B8%D1%82+%D0%BF%D0%B8%D1%81%D0%B0%D1%82%D1%8C+%D1%81%D1%82%D0%B8%D1%85%D0%B8%0D%0A%D0%9E%D1%82%D0%BB%D0%B8%D1%87%D0%BD%D0%B8%D1%86%D0%B0 HTTP/1.1" 200 2990
::1 - - [21/May/2023:16:29:43 +0300] "POST /send_report.php HTTP/1.1" 200 -
::1 - - [21/May/2023:16:29:43 +0300] "GET /?username=%D0%9F%D0%B5%D1%82%D1%8F&report_text=%D0%98%D0%B3%D1%80%D0%B0%D0%B5%D1%82+%D0%BD%D0%B0+%D0%B1%D0%B0%D1%80%D0%B0%D0%B1%D0%B0%D0%BD%D0%B0%D1%85%0D%0A%D0%A3%D1%87%D0%B8%D1%82%D1%81%D1%8F+%D0%BD%D0%B0+%D0%B0%D1%80%D1%85%D0%B8%D1%82%D0%B5%D0%BA%D1%82%D0%BE%D1%80%D0%B0%0D%0A%D0%98%D0%BD%D1%82%D0%B5%D1%80%D0%B5%D1%81%D1%83%D0%B5%D1%82%D1%81%D1%8F+%D0%B0%D0%B2%D0%B8%D0%B0%D0%BC%D0%BE%D0%B4%D0%B5%D0%BB%D1%8C%D0%BD%D1%8B%D0%BC+%D1%81%D0%BF%D0%BE%D1%80%D1%82%D0%BE%D0%BC HTTP/1.1" 200 3499
::1 - - [21/May/2023:16:30:15 +0300] "POST /send_report.php HTTP/1.1" 200 -
::1 - - [21/May/2023:16:30:15 +0300] "GET /?username=%D0%9B%D0%B5%D1%88%D0%B0&report_text=%D0%9F%D1%80%D1%8B%D0%B3%D0%B0%D0%B5%D1%82+%D1%81+%D0%BF%D0%B0%D1%80%D0%B0%D1%88%D1%8E%D1%82%D0%BE%D0%BC%0D%0A%D0%A3%D1%87%D0%B8%D1%82%D1%81%D1%8F+%D0%BD%D0%B0+%D0%BF%D0%BE%D0%B2%D0%B0%D1%80%D0%B0%0D%0A%D0%A2%D1%80%D0%B5%D0%BD%D0%B8%D1%80%D1%83%D0%B5%D1%82+%D1%81%D0%BE%D0%B1%D0%B0%D0%BA HTTP/1.1" 200 3869
::1 - - [21/May/2023:16:30:15 +0300] "GET /infinite_scrolling.js HTTP/1.1" 304 -
::1 - - [21/May/2023:16:30:34 +0300] "GET /?username=%D0%9B%D0%B5%D1%88%D0%B0&report_text=%D0%9F%D1%80%D1%8B%D0%B3%D0%B0%D0%B5%D1%82+%D1%81+%D0%BF%D0%B0%D1%80%D0%B0%D1%88%D1%8E%D1%82%D0%BE%D0%BC%0D%0A%D0%A3%D1%87%D0%B8%D1%82%D1%81%D1%8F+%D0%BD%D0%B0+%D0%BF%D0%BE%D0%B2%D0%B0%D1%80%D0%B0%0D%0A%D0%A2%D1%80%D0%B5%D0%BD%D0%B8%D1%80%D1%83%D0%B5%D1%82+%D1%81%D0%BE%D0%B1%D0%B0%D0%BA HTTP/1.1" 200 3873
::1 - - [21/May/2023:16:31:15 +0300] "GET /?username=%D0%90%D0%BB%D0%B8%D0%BD%D0%B0&report_text=%D0%92%D0%B5%D0%BB%D0%BE%D1%81%D0%B8%D0%BF%D0%B5%D0%B4%D0%B8%D1%81%D1%82%D0%BA%D0%B0%0D%0A%D0%A3%D1%87%D0%B8%D1%82%D1%81%D1%8F+%D0%BD%D0%B0+%D1%83%D1%87%D0%B8%D1%82%D0%B5%D0%BB%D1%8F%0D%0A%D0%9E%D0%B1%D0%BE%D0%B6%D0%B0%D0%B5%D1%82+%D0%B2%D1%8B%D1%81%D1%82%D0%B0%D0%B2%D0%BA%D0%B8 HTTP/1.1" 200 3869
::1 - - [21/May/2023:16:31:15 +0300] "POST /send_report.php HTTP/1.1" 200 -
::1 - - [21/May/2023:16:31:30 +0300] "GET /?username=%D1%8B%D0%BB%D1%84%D0%BE%D0%B2%D0%B0%D0%BF%D1%80%D1%84%D1%8B%D1%88%D0%B2%D0%B0%D1%80&report_text=%D1%84%D1%8B%D0%B2%D0%BF%D1%80%D1%88%D0%B7%D1%80 HTTP/1.1" 200 4237
::1 - - [21/May/2023:16:31:30 +0300] "POST /send_report.php HTTP/1.1" 200 -
::1 - - [21/May/2023:16:31:42 +0300] "GET /?username=%D1%8B%D0%BB%D1%84%D0%BE%D0%B2%D0%B0%D0%BF%D1%80%D1%84%D1%8B%D1%88%D0%B2%D0%B0%D1%80&report_text=%D1%84%D1%8B%D0%B2%D0%BF%D1%80%D1%88%D0%B7%D1%80 HTTP/1.1" 200 4432
::1 - - [21/May/2023:16:32:12 +0300] "GET /?username=%D1%8B%D0%BB%D1%84%D0%BE%D0%B2%D0%B0%D0%BF%D1%80%D1%84%D1%8B%D1%88%D0%B2%D0%B0%D1%80&report_text=%D1%84%D1%8B%D0%B2%D0%BF%D1%80%D1%88%D0%B7%D1%80 HTTP/1.1" 200 3499
::1 - - [21/May/2023:16:32:12 +0300] "GET /infinite_scrolling.js HTTP/1.1" 304 -
::1 - - [21/May/2023:16:33:01 +0300] "GET /?username=%D0%9F%D0%BE%D0%BB%D0%B8%D0%BD%D0%B0&report_text=%D0%A3%D0%B2%D0%BB%D0%B5%D0%BA%D0%B0%D0%B5%D1%82%D1%81%D1%8F+%D1%80%D0%B0%D0%B4%D0%B8%D0%BE%D1%8D%D0%BB%D0%B5%D0%BA%D1%82%D1%80%D0%BE%D0%BD%D0%B8%D0%BA%D0%BE%D0%B9%0D%0A%D0%A3%D1%87%D0%B8%D1%82%D1%81%D1%8F+%D0%BD%D0%B0+%D1%82%D1%80%D0%B5%D0%BD%D0%B5%D1%80%D0%B0%0D%0A%D0%9B%D1%8E%D0%B1%D0%B8%D1%82+%D1%80%D0%B8%D1%81%D0%BE%D0%B2%D0%B0%D1%82%D1%8C HTTP/1.1" 200 3499
::1 - - [21/May/2023:16:33:01 +0300] "POST /send_report.php HTTP/1.1" 200 -
::1 - - [21/May/2023:16:33:20 +0300] "GET /?username=%D0%B2%D1%8B%D0%B0%D0%BF%D1%8B%D0%B2%D0%B0%D0%BF&report_text=%D0%B2%D1%8B%D0%B0%D0%BF HTTP/1.1" 200 3940
::1 - - [21/May/2023:16:33:20 +0300] "POST /send_report.php HTTP/1.1" 200 -
::1 - - [21/May/2023:16:34:10 +0300] "GET /?username=%D0%B2%D1%8B%D0%B0%D0%BF%D1%8B%D0%B2%D0%B0%D0%BF&report_text=%D0%B2%D1%8B%D0%B0%D0%BF HTTP/1.1" 200 4075
::1 - - [21/May/2023:16:34:22 +0300] "POST /send_report.php HTTP/1.1" 200 -
::1 - - [21/May/2023:16:34:22 +0300] "GET /?username=%D0%B2%D0%B0%D0%BF%D0%B2%D1%8B%D0%B0%D0%BF&report_text=%D0%B2%D0%B0%D0%BF%D0%B2 HTTP/1.1" 200 4204
::1 - - [21/May/2023:16:34:22 +0300] "GET /infinite_scrolling.js HTTP/1.1" 304 -
::1 - - [21/May/2023:16:34:42 +0300] "GET /?username=%D0%B2%D0%B0%D0%BF%D0%B2%D1%8B%D0%B0%D0%BF&report_text=%D0%B2%D0%B0%D0%BF%D0%B2 HTTP/1.1" 200 2990
::1 - - [21/May/2023:16:34:54 +0300] "POST /send_report.php HTTP/1.1" 200 -
::1 - - [21/May/2023:16:34:54 +0300] "GET /?username=%D0%B2%D1%8B%D0%B0%D1%80&report_text=%D0%B2%D0%B0%D0%BF%D1%80%D0%B2 HTTP/1.1" 200 3107
::1 - - [21/May/2023:16:35:09 +0300] "POST /send_report.php HTTP/1.1" 200 -
::1 - - [21/May/2023:16:35:09 +0300] "GET /?username=1111&report_text=11 HTTP/1.1" 200 3176
::1 - - [21/May/2023:16:35:19 +0300] "POST /send_report.php HTTP/1.1" 200 -
::1 - - [21/May/2023:16:35:19 +0300] "GET /?username=1231254&report_text=234234 HTTP/1.1" 200 3252
::1 - - [21/May/2023:16:36:51 +0300] "POST /send_report.php HTTP/1.1" 200 -
::1 - - [21/May/2023:16:36:51 +0300] "GET /?username=%D0%94%D0%B0%D0%BD%D1%8F&report_text=%D0%9B%D1%8E%D0%B1%D0%B8%D1%82+%D1%80%D0%B5%D0%B7%D1%8C%D0%B1%D1%83+%D0%BF%D0%BE+%D0%B4%D0%B5%D1%80%D0%B5%D0%B2%D1%83%0D%0A%D0%A3%D1%87%D0%B8%D1%82%D1%81%D1%8F+%D0%BD%D0%B0+%D0%BC%D0%B5%D1%85%D0%B0%D0%BD%D0%B8%D0%BA%D0%B0%0D%0A%D0%9C%D0%B5%D1%87%D1%82%D0%B0%D0%B5%D1%82+%D1%81%D1%82%D0%B0%D1%82%D1%8C+%D0%BF%D0%B8%D0%BB%D0%BE%D1%82%D0%BE%D0%BC+%D1%84%D0%BE%D1%80%D0%BC%D1%83%D0%BB%D1%8B+1 HTTP/1.1" 200 3461
::1 - - [21/May/2023:16:36:51 +0300] "GET /infinite_scrolling.js HTTP/1.1" 304 -
::1 - - [21/May/2023:16:37:30 +0300] "POST /send_report.php HTTP/1.1" 200 -
::1 - - [21/May/2023:16:37:30 +0300] "GET /?username=%D0%96%D0%B5%D0%BD%D1%8F&report_text=%D0%A3%D1%87%D0%B8%D1%82%D1%81%D1%8F+%D0%BD%D0%B0+%D1%8E%D1%80%D0%B8%D1%81%D1%82%D0%B0%0D%0A%D0%9F%D0%BB%D0%B0%D0%B2%D0%B0%D0%B5%D1%82%0D%0A%D0%9B%D1%8E%D0%B1%D0%B8%D1%82+%D0%B2%D1%8F%D0%B7%D0%B0%D1%82%D1%8C HTTP/1.1" 200 3751
::1 - - [21/May/2023:16:38:01 +0300] "POST /send_report.php HTTP/1.1" 200 -
::1 - - [21/May/2023:16:38:01 +0300] "GET /?username=%D0%9E%D0%BB%D1%8F&report_text=%D0%A3%D1%87%D0%B8%D1%82%D1%81%D1%8F+%D0%BD%D0%B0+%D0%B2%D1%80%D0%B0%D1%87%D0%B0%0D%0A%D0%9B%D1%8E%D0%B1%D0%B8%D1%82+%D0%B1%D0%B5%D0%B3%D0%B0%D1%82%D1%8C%0D%0A%D0%A5%D0%BE%D1%87%D0%B5%D1%82+%D1%81%D1%82%D0%B0%D1%82%D1%8C+%D1%85%D0%B8%D1%80%D1%83%D1%80%D0%B3%D0%BE%D0%BC HTTP/1.1" 200 4097
::1 - - [21/May/2023:16:38:35 +0300] "POST /send_report.php HTTP/1.1" 200 -
::1 - - [21/May/2023:16:38:35 +0300] "GET /?username=%D0%92%D0%B0%D1%81%D0%B8%D0%BB%D0%B8%D1%81%D0%B0&report_text=%D0%9F%D1%80%D1%8B%D0%B3%D0%B0%D0%B5%D1%82+%D0%BD%D0%B0+%D1%81%D0%BA%D0%B0%D0%BA%D0%B0%D0%BB%D0%BA%D0%B5%0D%0A HTTP/1.1" 200 4316
::1 - - [21/May/2023:16:55:26 +0300] "GET /?username=%D0%92%D0%B0%D1%81%D0%B8%D0%BB%D0%B8%D1%81%D0%B0&report_text=%D0%9F%D1%80%D1%8B%D0%B3%D0%B0%D0%B5%D1%82+%D0%BD%D0%B0+%D1%81%D0%BA%D0%B0%D0%BA%D0%B0%D0%BB%D0%BA%D0%B5%0D%0A HTTP/1.1" 200 4316
::1 - - [21/May/2023:16:55:26 +0300] "GET /styles.css HTTP/1.1" 200 1059
::1 - - [21/May/2023:16:55:26 +0300] "GET /jquery-3.7.0.min.js HTTP/1.1" 304 -
::1 - - [21/May/2023:16:55:26 +0300] "GET /infinite_scrolling.js HTTP/1.1" 304 -
::1 - - [21/May/2023:16:55:26 +0300] "GET /favicon.ico HTTP/1.1" 404 196
::1 - - [23/May/2023:13:44:49 +0300] "GET /favicon.ico HTTP/1.1" 404 196
::1 - - [29/May/2023:23:13:33 +0300] "GET / HTTP/1.1" 200 73770
::1 - - [29/May/2023:23:13:37 +0300] "GET /favicon.ico HTTP/1.1" 404 196
::1 - - [29/May/2023:23:13:48 +0300] "GET / HTTP/1.1" 200 73810
::1 - - [29/May/2023:23:13:48 +0300] "GET /favicon.ico HTTP/1.1" 404 196
::1 - - [29/May/2023:23:13:55 +0300] "GET / HTTP/1.1" 200 73555
::1 - - [29/May/2023:23:14:48 +0300] "-" 408 -
::1 - - [29/May/2023:23:14:55 +0300] "-" 408 -
::1 - - [29/May/2023:23:19:55 +0300] "GET / HTTP/1.1" 200 4325
::1 - - [29/May/2023:23:19:55 +0300] "GET /styles.css HTTP/1.1" 304 -
::1 - - [29/May/2023:23:19:55 +0300] "GET /jquery-3.7.0.min.js HTTP/1.1" 304 -
::1 - - [29/May/2023:23:19:56 +0300] "GET / HTTP/1.1" 200 4325
::1 - - [29/May/2023:23:20:22 +0300] "GET / HTTP/1.1" 200 4325
::1 - - [29/May/2023:23:20:23 +0300] "GET /styles.css HTTP/1.1" 200 1059
::1 - - [29/May/2023:23:20:23 +0300] "GET /jquery-3.7.0.min.js HTTP/1.1" 200 87462
::1 - - [29/May/2023:23:20:24 +0300] "GET / HTTP/1.1" 200 4325
::1 - - [29/May/2023:23:21:15 +0300] "GET / HTTP/1.1" 200 4316
::1 - - [29/May/2023:23:21:15 +0300] "GET /infinite_scrolling.js HTTP/1.1" 200 2124
::1 - - [29/May/2023:23:21:15 +0300] "GET /fox.png HTTP/1.1" 200 8352
::1 - - [29/May/2023:23:22:15 +0300] "-" 408 -
::1 - - [29/May/2023:23:22:36 +0300] "GET / HTTP/1.1" 200 4316
::1 - - [29/May/2023:23:23:01 +0300] "GET / HTTP/1.1" 200 4316
::1 - - [29/May/2023:23:23:35 +0300] "POST /send_report.php HTTP/1.1" 200 -
::1 - - [29/May/2023:23:23:35 +0300] "GET /?username=&report_text=xv+ HTTP/1.1" 200 4382
::1 - - [29/May/2023:23:24:35 +0300] "-" 408 -
::1 - - [29/May/2023:23:26:20 +0300] "GET /?username=&report_text=xv+ HTTP/1.1" 200 4382
::1 - - [29/May/2023:23:26:31 +0300] "GET /?username=&report_text=xv+ HTTP/1.1" 200 4382
::1 - - [29/May/2023:23:26:57 +0300] "GET /favicon.ico HTTP/1.1" 404 196
::1 - - [29/May/2023:23:27:31 +0300] "-" 408 -
::1 - - [30/May/2023:11:46:24 +0300] "-" 408 -
::1 - - [30/May/2023:11:46:44 +0300] "GET /favicon.ico HTTP/1.1" 404 196
::1 - - [30/May/2023:11:47:44 +0300] "GET /?username=&report_text=xv+ HTTP/1.1" 200 4382
::1 - - [30/May/2023:11:47:44 +0300] "GET /favicon.ico HTTP/1.1" 404 196
::1 - - [30/May/2023:11:48:44 +0300] "-" 408 -
::1 - - [30/May/2023:13:40:23 +0300] "GET / HTTP/1.1" 200 4382
::1 - - [30/May/2023:13:40:23 +0300] "GET /styles.css HTTP/1.1" 200 1059
::1 - - [30/May/2023:13:40:23 +0300] "GET /infinite_scrolling.js HTTP/1.1" 200 2124
::1 - - [30/May/2023:13:40:23 +0300] "GET /jquery-3.7.0.min.js HTTP/1.1" 200 87462
::1 - - [30/May/2023:13:40:23 +0300] "GET /favicon.ico HTTP/1.1" 404 196
::1 - - [30/May/2023:13:40:24 +0300] "GET /fox.png HTTP/1.1" 200 8352
::1 - - [30/May/2023:13:40:45 +0300] "GET / HTTP/1.1" 200 4382
::1 - - [30/May/2023:13:40:48 +0300] "GET / HTTP/1.1" 200 4382
::1 - - [30/May/2023:13:41:14 +0300] "GET / HTTP/1.1" 200 4382
::1 - - [30/May/2023:13:42:14 +0300] "-" 408 -
::1 - - [30/May/2023:13:47:16 +0300] "-" 408 -
::1 - - [30/May/2023:13:51:40 +0300] "-" 408 -
::1 - - [30/May/2023:14:06:15 +0300] "-" 408 -
::1 - - [30/May/2023:14:20:35 +0300] "-" 408 -
::1 - - [30/May/2023:14:22:41 +0300] "-" 408 -
::1 - - [30/May/2023:14:27:01 +0300] "-" 408 -
::1 - - [30/May/2023:14:28:53 +0300] "-" 408 -
::1 - - [30/May/2023:14:30:34 +0300] "-" 408 -
::1 - - [30/May/2023:14:34:33 +0300] "-" 408 -
::1 - - [30/May/2023:14:36:20 +0300] "-" 408 -
::1 - - [30/May/2023:14:37:25 +0300] "-" 408 -
::1 - - [30/May/2023:14:41:06 +0300] "-" 408 -
::1 - - [30/May/2023:14:42:18 +0300] "-" 408 -
::1 - - [30/May/2023:14:44:15 +0300] "-" 408 -
::1 - - [30/May/2023:14:47:44 +0300] "-" 408 -
::1 - - [30/May/2023:14:53:47 +0300] "-" 408 -
::1 - - [30/May/2023:14:55:34 +0300] "-" 408 -
::1 - - [30/May/2023:15:11:30 +0300] "-" 408 -
::1 - - [30/May/2023:15:17:38 +0300] "-" 408 -
::1 - - [30/May/2023:15:30:22 +0300] "-" 408 -
::1 - - [30/May/2023:15:34:18 +0300] "-" 408 -
::1 - - [30/May/2023:15:36:34 +0300] "-" 408 -
::1 - - [30/May/2023:15:43:35 +0300] "-" 408 -
::1 - - [30/May/2023:17:05:37 +0300] "-" 408 -
::1 - - [30/May/2023:17:07:32 +0300] "-" 408 -
::1 - - [30/May/2023:17:31:18 +0300] "-" 408 -
::1 - - [30/May/2023:17:39:24 +0300] "-" 408 -
