[Sat May 20 15:02:26.865329 2023] [php:error] [pid 7220:tid 1160] [client ::1:60616] script 'C:/php_project/www/default.localhost/display.php' not found or unable to stat, referer: http://default.localhost/index.html
[Sat May 20 15:02:48.701423 2023] [php:error] [pid 7220:tid 1156] [client ::1:60619] PHP Fatal error:  Uncaught mysqli_sql_exception: Unknown database 'mybase' in C:\\php_project\\www\\default.localhost\\display.php:8\nStack trace:\n#0 C:\\php_project\\www\\default.localhost\\display.php(8): mysqli->__construct('localhost', 'root', Object(SensitiveParameterValue), 'mybase')\n#1 {main}\n  thrown in C:\\php_project\\www\\default.localhost\\display.php on line 8, referer: http://default.localhost/index.html
[Sat May 20 15:31:58.211084 2023] [php:error] [pid 7220:tid 1164] [client ::1:52871] PHP Fatal error:  Uncaught mysqli_sql_exception: Table 'reports_db.users' doesn't exist in C:\\php_project\\www\\default.localhost\\display.php:10\nStack trace:\n#0 C:\\php_project\\www\\default.localhost\\display.php(10): mysqli_query(Object(mysqli), 'SELECT * FROM u...')\n#1 {main}\n  thrown in C:\\php_project\\www\\default.localhost\\display.php on line 10, referer: http://default.localhost/index.html
[Sat May 20 15:43:41.335334 2023] [php:warn] [pid 7220:tid 1148] [client ::1:54686] PHP Warning:  Undefined variable $ros in C:\\php_project\\www\\default.localhost\\display.php on line 14, referer: http://default.localhost/index.html
[Sat May 20 15:43:41.335334 2023] [php:warn] [pid 7220:tid 1148] [client ::1:54686] PHP Warning:  Trying to access array offset on value of type null in C:\\php_project\\www\\default.localhost\\display.php on line 14, referer: http://default.localhost/index.html
[Sat May 20 15:44:06.825114 2023] [php:warn] [pid 7220:tid 1148] [client ::1:54710] PHP Warning:  Undefined array key "\\nUsername" in C:\\php_project\\www\\default.localhost\\display.php on line 14, referer: http://default.localhost/index.html
[Sat May 20 18:45:06.714063 2023] [php:warn] [pid 7220:tid 1148] [client ::1:54649] PHP Warning:  Undefined array key "newstext" in C:\\php_project\\www\\default.localhost\\display.php on line 2, referer: http://default.localhost/
[Sat May 20 18:45:06.714063 2023] [php:notice] [pid 7220:tid 1148] [client ::1:54649] PHP Deprecated:  explode(): Passing null to parameter #2 ($string) of type string is deprecated in C:\\php_project\\www\\default.localhost\\display.php on line 3, referer: http://default.localhost/
[Sun May 21 11:56:41.915744 2023] [php:warn] [pid 18356:tid 1200] [client ::1:63815] PHP Warning:  Undefined array key "time" in C:\\php_project\\www\\default.localhost\\test.php on line 4
[Sun May 21 11:56:41.915744 2023] [php:notice] [pid 18356:tid 1200] [client ::1:63815] PHP Deprecated:  date_default_timezone_set(): Passing null to parameter #1 ($timezoneId) of type string is deprecated in C:\\php_project\\www\\default.localhost\\test.php on line 5
[Sun May 21 11:56:41.915744 2023] [php:notice] [pid 18356:tid 1200] [client ::1:63815] PHP Notice:  date_default_timezone_set(): Timezone ID '' is invalid in C:\\php_project\\www\\default.localhost\\test.php on line 5
[Sun May 21 11:57:16.671146 2023] [php:warn] [pid 18356:tid 1164] [client ::1:63816] PHP Warning:  Undefined array key "time" in C:\\php_project\\www\\default.localhost\\test.php on line 4
[Sun May 21 11:58:23.046770 2023] [php:warn] [pid 18356:tid 1200] [client ::1:63864] PHP Warning:  Undefined array key "time" in C:\\php_project\\www\\default.localhost\\index.php on line 3
[Sun May 21 11:59:43.529710 2023] [php:warn] [pid 18356:tid 1164] [client ::1:63902] PHP Warning:  Undefined array key "time" in C:\\php_project\\www\\default.localhost\\index.php on line 3
[Sun May 21 12:02:21.772891 2023] [php:warn] [pid 18356:tid 1200] [client ::1:63974] PHP Warning:  Undefined array key "time" in C:\\php_project\\www\\default.localhost\\index.php on line 3
[Sun May 21 12:08:36.713505 2023] [php:warn] [pid 18356:tid 1164] [client ::1:64128] PHP Warning:  Undefined variable $arr in C:\\php_project\\www\\default.localhost\\index.php on line 21
[Sun May 21 12:08:43.671662 2023] [php:warn] [pid 18356:tid 1200] [client ::1:64129] PHP Warning:  Undefined array key "date" in C:\\php_project\\www\\default.localhost\\send_report.php on line 16, referer: http://default.localhost/
[Sun May 21 12:09:11.106427 2023] [php:warn] [pid 18356:tid 1164] [client ::1:64132] PHP Warning:  Undefined array key "date" in C:\\php_project\\www\\default.localhost\\send_report.php on line 16, referer: http://default.localhost/
[Sun May 21 12:09:14.033648 2023] [php:warn] [pid 18356:tid 1164] [client ::1:64132] PHP Warning:  Undefined variable $arr in C:\\php_project\\www\\default.localhost\\index.php on line 21
[Sun May 21 12:09:17.117911 2023] [php:warn] [pid 18356:tid 1164] [client ::1:64132] PHP Warning:  Undefined variable $arr in C:\\php_project\\www\\default.localhost\\index.php on line 21
[Sun May 21 12:09:22.615363 2023] [php:warn] [pid 18356:tid 1200] [client ::1:64145] PHP Warning:  Undefined array key "date" in C:\\php_project\\www\\default.localhost\\send_report.php on line 16, referer: http://default.localhost/
[Sun May 21 12:14:25.568065 2023] [php:warn] [pid 18356:tid 1164] [client ::1:64277] PHP Warning:  Undefined variable $arr in C:\\php_project\\www\\default.localhost\\index.php on line 21
[Sun May 21 12:40:08.521808 2023] [php:warn] [pid 18356:tid 1200] [client ::1:64889] PHP Warning:  Undefined variable $arr in C:\\php_project\\www\\default.localhost\\index.php on line 48
[Sun May 21 12:40:08.562809 2023] [php:warn] [pid 18356:tid 1200] [client ::1:64889] PHP Warning:  Undefined array key "newstext" in C:\\php_project\\www\\default.localhost\\send_report.php on line 2, referer: http://default.localhost/
[Sun May 21 12:40:08.562809 2023] [php:warn] [pid 18356:tid 1200] [client ::1:64889] PHP Warning:  Undefined array key "username" in C:\\php_project\\www\\default.localhost\\send_report.php on line 3, referer: http://default.localhost/
[Sun May 21 12:40:11.637649 2023] [php:warn] [pid 18356:tid 1200] [client ::1:64889] PHP Warning:  Undefined array key "datetime" in C:\\php_project\\www\\default.localhost\\send_report.php on line 16, referer: http://default.localhost/
[Sun May 21 12:42:35.417593 2023] [php:warn] [pid 18356:tid 1164] [client ::1:64968] PHP Warning:  Undefined variable $arr in C:\\php_project\\www\\default.localhost\\index.php on line 48
[Sun May 21 12:42:35.457591 2023] [php:warn] [pid 18356:tid 1164] [client ::1:64968] PHP Warning:  Undefined array key "newstext" in C:\\php_project\\www\\default.localhost\\send_report.php on line 2, referer: http://default.localhost/
[Sun May 21 12:42:35.457591 2023] [php:warn] [pid 18356:tid 1164] [client ::1:64968] PHP Warning:  Undefined array key "username" in C:\\php_project\\www\\default.localhost\\send_report.php on line 3, referer: http://default.localhost/
[Sun May 21 12:46:02.953327 2023] [php:warn] [pid 18356:tid 1200] [client ::1:65140] PHP Warning:  include(text.php): Failed to open stream: No such file or directory in C:\\php_project\\www\\default.localhost\\index.php on line 41
[Sun May 21 12:46:02.953327 2023] [php:warn] [pid 18356:tid 1200] [client ::1:65140] PHP Warning:  include(): Failed opening 'text.php' for inclusion (include_path='.;C:\\php\\pear') in C:\\php_project\\www\\default.localhost\\index.php on line 41
[Sun May 21 12:46:02.953327 2023] [php:warn] [pid 18356:tid 1200] [client ::1:65140] PHP Warning:  Undefined variable $arr in C:\\php_project\\www\\default.localhost\\index.php on line 45
[Sun May 21 12:46:02.995321 2023] [php:warn] [pid 18356:tid 1200] [client ::1:65140] PHP Warning:  Undefined array key "newstext" in C:\\php_project\\www\\default.localhost\\send_report.php on line 2, referer: http://default.localhost/
[Sun May 21 12:46:02.995321 2023] [php:warn] [pid 18356:tid 1200] [client ::1:65140] PHP Warning:  Undefined array key "username" in C:\\php_project\\www\\default.localhost\\send_report.php on line 3, referer: http://default.localhost/
[Sun May 21 12:46:40.114351 2023] [php:warn] [pid 18356:tid 1164] [client ::1:65141] PHP Warning:  include(text.php): Failed to open stream: No such file or directory in C:\\php_project\\www\\default.localhost\\index.php on line 41
[Sun May 21 12:46:40.114351 2023] [php:warn] [pid 18356:tid 1164] [client ::1:65141] PHP Warning:  include(): Failed opening 'text.php' for inclusion (include_path='.;C:\\php\\pear') in C:\\php_project\\www\\default.localhost\\index.php on line 41
[Sun May 21 12:46:40.114351 2023] [php:warn] [pid 18356:tid 1164] [client ::1:65141] PHP Warning:  Undefined variable $arr in C:\\php_project\\www\\default.localhost\\index.php on line 45
[Sun May 21 12:46:40.142347 2023] [php:warn] [pid 18356:tid 1164] [client ::1:65141] PHP Warning:  Undefined array key "newstext" in C:\\php_project\\www\\default.localhost\\send_report.php on line 2, referer: http://default.localhost/
[Sun May 21 12:46:40.142347 2023] [php:warn] [pid 18356:tid 1164] [client ::1:65141] PHP Warning:  Undefined array key "username" in C:\\php_project\\www\\default.localhost\\send_report.php on line 3, referer: http://default.localhost/
[Sun May 21 12:47:00.823739 2023] [php:warn] [pid 18356:tid 1200] [client ::1:65178] PHP Warning:  Undefined array key "newstext" in C:\\php_project\\www\\default.localhost\\send_report.php on line 2, referer: http://default.localhost/
[Sun May 21 12:47:00.823739 2023] [php:warn] [pid 18356:tid 1200] [client ::1:65178] PHP Warning:  Undefined array key "username" in C:\\php_project\\www\\default.localhost\\send_report.php on line 3, referer: http://default.localhost/
[Sun May 21 12:47:17.718522 2023] [php:warn] [pid 18356:tid 1164] [client ::1:65193] PHP Warning:  Undefined array key "datetime" in C:\\php_project\\www\\default.localhost\\send_report.php on line 16, referer: http://default.localhost/
[Sun May 21 12:48:07.916432 2023] [php:warn] [pid 18356:tid 1200] [client ::1:65208] PHP Warning:  Undefined array key "newstext" in C:\\php_project\\www\\default.localhost\\send_report.php on line 2, referer: http://default.localhost/
[Sun May 21 12:48:07.917433 2023] [php:warn] [pid 18356:tid 1200] [client ::1:65208] PHP Warning:  Undefined array key "username" in C:\\php_project\\www\\default.localhost\\send_report.php on line 3, referer: http://default.localhost/
[Sun May 21 12:48:09.046463 2023] [php:warn] [pid 18356:tid 1200] [client ::1:65208] PHP Warning:  Undefined array key "newstext" in C:\\php_project\\www\\default.localhost\\send_report.php on line 2, referer: http://default.localhost/
[Sun May 21 12:48:09.046463 2023] [php:warn] [pid 18356:tid 1200] [client ::1:65208] PHP Warning:  Undefined array key "username" in C:\\php_project\\www\\default.localhost\\send_report.php on line 3, referer: http://default.localhost/
[Sun May 21 12:48:10.734067 2023] [php:warn] [pid 18356:tid 1200] [client ::1:65208] PHP Warning:  Undefined array key "datetime" in C:\\php_project\\www\\default.localhost\\send_report.php on line 16, referer: http://default.localhost/
[Sun May 21 12:48:53.270706 2023] [php:warn] [pid 18356:tid 1164] [client ::1:65243] PHP Warning:  Undefined array key "newstext" in C:\\php_project\\www\\default.localhost\\send_report.php on line 2, referer: http://default.localhost/
[Sun May 21 12:48:53.270706 2023] [php:warn] [pid 18356:tid 1164] [client ::1:65243] PHP Warning:  Undefined array key "username" in C:\\php_project\\www\\default.localhost\\send_report.php on line 3, referer: http://default.localhost/
[Sun May 21 12:48:57.282072 2023] [php:warn] [pid 18356:tid 1164] [client ::1:65243] PHP Warning:  Undefined array key "datetime" in C:\\php_project\\www\\default.localhost\\send_report.php on line 16, referer: http://default.localhost/
[Sun May 21 12:51:34.242405 2023] [php:warn] [pid 18356:tid 1200] [client ::1:65417] PHP Warning:  Undefined array key "newstext" in C:\\php_project\\www\\default.localhost\\send_report.php on line 2, referer: http://default.localhost/
[Sun May 21 12:51:34.242405 2023] [php:warn] [pid 18356:tid 1200] [client ::1:65417] PHP Warning:  Undefined array key "username" in C:\\php_project\\www\\default.localhost\\send_report.php on line 3, referer: http://default.localhost/
[Sun May 21 12:51:36.330339 2023] [php:warn] [pid 18356:tid 1200] [client ::1:65417] PHP Warning:  Undefined array key "datetime" in C:\\php_project\\www\\default.localhost\\send_report.php on line 16, referer: http://default.localhost/
[Sun May 21 12:52:00.829973 2023] [php:warn] [pid 18356:tid 1164] [client ::1:65418] PHP Warning:  Undefined array key "newstext" in C:\\php_project\\www\\default.localhost\\send_report.php on line 2, referer: http://default.localhost/
[Sun May 21 12:52:00.829973 2023] [php:warn] [pid 18356:tid 1164] [client ::1:65418] PHP Warning:  Undefined array key "username" in C:\\php_project\\www\\default.localhost\\send_report.php on line 3, referer: http://default.localhost/
[Sun May 21 12:52:01.903790 2023] [php:warn] [pid 18356:tid 1164] [client ::1:65418] PHP Warning:  Undefined array key "datetime" in C:\\php_project\\www\\default.localhost\\send_report.php on line 16, referer: http://default.localhost/
[Sun May 21 12:53:55.084558 2023] [php:warn] [pid 18356:tid 1200] [client ::1:65522] PHP Warning:  Undefined array key "datetime" in C:\\php_project\\www\\default.localhost\\test.php on line 7
[Sun May 21 12:55:04.853540 2023] [php:warn] [pid 18356:tid 1164] [client ::1:49180] PHP Warning:  Undefined array key "datetime" in C:\\php_project\\www\\default.localhost\\test.php on line 7
[Sun May 21 12:55:04.887537 2023] [php:warn] [pid 18356:tid 1164] [client ::1:49180] PHP Warning:  Undefined array key "datetime" in C:\\php_project\\www\\default.localhost\\test.php on line 7, referer: http://default.localhost/
[Sun May 21 12:55:05.861996 2023] [php:warn] [pid 18356:tid 1164] [client ::1:49180] PHP Warning:  Undefined array key "datetime" in C:\\php_project\\www\\default.localhost\\test.php on line 7
[Sun May 21 12:55:05.879060 2023] [php:warn] [pid 18356:tid 1164] [client ::1:49180] PHP Warning:  Undefined array key "datetime" in C:\\php_project\\www\\default.localhost\\test.php on line 7, referer: http://default.localhost/
[Sun May 21 12:57:32.822242 2023] [php:warn] [pid 18356:tid 1200] [client ::1:49251] PHP Warning:  Undefined array key "datetime" in C:\\php_project\\www\\default.localhost\\test.php on line 7
[Sun May 21 12:57:32.841048 2023] [php:warn] [pid 18356:tid 1200] [client ::1:49251] PHP Warning:  Undefined array key "datetime" in C:\\php_project\\www\\default.localhost\\test.php on line 7, referer: http://default.localhost/
[Sun May 21 12:57:47.920616 2023] [php:warn] [pid 18356:tid 1164] [client ::1:49252] PHP Warning:  Undefined array key "datetime" in C:\\php_project\\www\\default.localhost\\test.php on line 7
[Sun May 21 12:57:47.950616 2023] [php:warn] [pid 18356:tid 1164] [client ::1:49252] PHP Warning:  Undefined array key "datetime" in C:\\php_project\\www\\default.localhost\\test.php on line 7, referer: http://default.localhost/
[Sun May 21 12:58:34.788887 2023] [php:warn] [pid 18356:tid 1200] [client ::1:49255] PHP Warning:  Undefined array key "datetime" in C:\\php_project\\www\\default.localhost\\test.php on line 7
[Sun May 21 12:58:34.806886 2023] [php:warn] [pid 18356:tid 1200] [client ::1:49255] PHP Warning:  Undefined array key "newstext" in C:\\php_project\\www\\default.localhost\\send_report.php on line 2, referer: http://default.localhost/
[Sun May 21 12:58:34.806886 2023] [php:warn] [pid 18356:tid 1200] [client ::1:49255] PHP Warning:  Undefined array key "username" in C:\\php_project\\www\\default.localhost\\send_report.php on line 3, referer: http://default.localhost/
[Sun May 21 12:58:34.807887 2023] [php:warn] [pid 18356:tid 1200] [client ::1:49255] PHP Warning:  Undefined array key "datetime" in C:\\php_project\\www\\default.localhost\\send_report.php on line 16, referer: http://default.localhost/
[Sun May 21 12:58:43.499864 2023] [php:warn] [pid 18356:tid 1164] [client ::1:49270] PHP Warning:  Undefined array key "newstext" in C:\\php_project\\www\\default.localhost\\send_report.php on line 2, referer: http://default.localhost/
[Sun May 21 12:58:43.499864 2023] [php:warn] [pid 18356:tid 1164] [client ::1:49270] PHP Warning:  Undefined array key "username" in C:\\php_project\\www\\default.localhost\\send_report.php on line 3, referer: http://default.localhost/
[Sun May 21 12:58:43.500858 2023] [php:warn] [pid 18356:tid 1164] [client ::1:49270] PHP Warning:  Undefined array key "datetime" in C:\\php_project\\www\\default.localhost\\send_report.php on line 16, referer: http://default.localhost/
[Sun May 21 12:58:45.697548 2023] [php:warn] [pid 18356:tid 1164] [client ::1:49270] PHP Warning:  Undefined array key "datetime" in C:\\php_project\\www\\default.localhost\\send_report.php on line 16, referer: http://default.localhost/
[Sun May 21 13:09:14.227070 2023] [php:warn] [pid 18356:tid 1200] [client ::1:49522] PHP Warning:  Undefined array key "message" in C:\\php_project\\www\\default.localhost\\send_report.php on line 16, referer: http://default.localhost/
[Sun May 21 13:10:26.851371 2023] [php:warn] [pid 18356:tid 1164] [client ::1:49540] PHP Warning:  Undefined array key "message" in C:\\php_project\\www\\default.localhost\\test.php on line 7
[Sun May 21 13:10:54.560846 2023] [php:warn] [pid 18356:tid 1200] [client ::1:49541] PHP Warning:  Undefined variable $arr in C:\\php_project\\www\\default.localhost\\index.php on line 24
[Sun May 21 13:10:54.560846 2023] [php:warn] [pid 18356:tid 1200] [client ::1:49541] PHP Warning:  Undefined array key "message" in C:\\php_project\\www\\default.localhost\\test.php on line 7
[Sun May 21 13:10:55.694674 2023] [php:warn] [pid 18356:tid 1200] [client ::1:49541] PHP Warning:  Undefined variable $arr in C:\\php_project\\www\\default.localhost\\index.php on line 24
[Sun May 21 13:10:55.694674 2023] [php:warn] [pid 18356:tid 1200] [client ::1:49541] PHP Warning:  Undefined array key "message" in C:\\php_project\\www\\default.localhost\\test.php on line 7
[Sun May 21 13:11:19.801794 2023] [php:warn] [pid 18356:tid 1164] [client ::1:49548] PHP Warning:  Undefined array key "message" in C:\\php_project\\www\\default.localhost\\test.php on line 7
[Sun May 21 13:11:48.512922 2023] [php:warn] [pid 18356:tid 1200] [client ::1:49576] PHP Warning:  Undefined array key "message" in C:\\php_project\\www\\default.localhost\\test.php on line 7
[Sun May 21 13:12:33.284606 2023] [php:warn] [pid 18356:tid 1164] [client ::1:49656] PHP Warning:  Undefined array key "message" in C:\\php_project\\www\\default.localhost\\test.php on line 7
[Sun May 21 13:12:57.176133 2023] [php:warn] [pid 18356:tid 1200] [client ::1:49657] PHP Warning:  Undefined array key "message" in C:\\php_project\\www\\default.localhost\\test.php on line 7
[Sun May 21 13:12:57.224132 2023] [php:warn] [pid 18356:tid 1200] [client ::1:49657] PHP Warning:  Undefined array key "message" in C:\\php_project\\www\\default.localhost\\test.php on line 7, referer: http://default.localhost/
[Sun May 21 13:13:11.767220 2023] [php:warn] [pid 18356:tid 1164] [client ::1:49683] PHP Warning:  Undefined array key "message" in C:\\php_project\\www\\default.localhost\\test.php on line 7
[Sun May 21 13:13:11.796219 2023] [php:warn] [pid 18356:tid 1164] [client ::1:49683] PHP Warning:  Undefined array key "message" in C:\\php_project\\www\\default.localhost\\test.php on line 7, referer: http://default.localhost/
[Sun May 21 13:13:28.209875 2023] [php:warn] [pid 18356:tid 1200] [client ::1:49703] PHP Warning:  Undefined array key "message" in C:\\php_project\\www\\default.localhost\\test.php on line 7
[Sun May 21 13:14:05.168127 2023] [php:warn] [pid 18356:tid 1164] [client ::1:49714] PHP Warning:  Undefined array key "message" in C:\\php_project\\www\\default.localhost\\test.php on line 7
[Sun May 21 13:21:24.014627 2023] [php:warn] [pid 18356:tid 1164] [client ::1:49893] PHP Warning:  Undefined array key "message" in C:\\php_project\\www\\default.localhost\\send_report.php on line 16, referer: http://default.localhost/
[Sun May 21 13:29:13.329213 2023] [php:warn] [pid 13940:tid 1184] [client ::1:50247] PHP Warning:  Undefined array key "newstext" in C:\\php_project\\www\\default.localhost\\send_report.php on line 2, referer: http://default.localhost/index.php
[Sun May 21 13:29:13.329213 2023] [php:warn] [pid 13940:tid 1184] [client ::1:50247] PHP Warning:  Undefined array key "username" in C:\\php_project\\www\\default.localhost\\send_report.php on line 3, referer: http://default.localhost/index.php
[Sun May 21 13:29:15.803639 2023] [php:warn] [pid 13940:tid 1184] [client ::1:50247] PHP Warning:  Undefined array key "myJsVar" in C:\\php_project\\www\\default.localhost\\send_report.php on line 16, referer: http://default.localhost/index.php
[Sun May 21 13:30:07.308741 2023] [php:error] [pid 13940:tid 1164] [client ::1:50282] PHP Fatal error:  Uncaught mysqli_sql_exception: \xd0\x9f\xd0\xbe\xd0\xb4\xd0\xba\xd0\xbb\xd1\x8e\xd1\x87\xd0\xb5\xd0\xbd\xd0\xb8\xd0\xb5 \xd0\xbd\xd0\xb5 \xd1\x83\xd1\x81\xd1\x82\xd0\xb0\xd0\xbd\xd0\xbe\xd0\xb2\xd0\xbb\xd0\xb5\xd0\xbd\xd0\xbe, \xd1\x82.\xd0\xba. \xd0\xba\xd0\xbe\xd0\xbd\xd0\xb5\xd1\x87\xd0\xbd\xd1\x8b\xd0\xb9 \xd0\xba\xd0\xbe\xd0\xbc\xd0\xbf\xd1\x8c\xd1\x8e\xd1\x82\xd0\xb5\xd1\x80 \xd0\xbe\xd1\x82\xd0\xb2\xd0\xb5\xd1\x80\xd0\xb3 \xd0\xb7\xd0\xb0\xd0\xbf\xd1\x80\xd0\xbe\xd1\x81 \xd0\xbd\xd0\xb0 \xd0\xbf\xd0\xbe\xd0\xb4\xd0\xba\xd0\xbb\xd1\x8e\xd1\x87\xd0\xb5\xd0\xbd\xd0\xb8\xd0\xb5 in C:\\php_project\\www\\default.localhost\\send_report.php:6\nStack trace:\n#0 C:\\php_project\\www\\default.localhost\\send_report.php(6): mysqli_connect('localhost', 'root', Object(SensitiveParameterValue), 'reports_db')\n#1 {main}\n  thrown in C:\\php_project\\www\\default.localhost\\send_report.php on line 6, referer: http://default.localhost/index.php
[Sun May 21 13:30:26.265704 2023] [php:warn] [pid 16136:tid 1164] [client ::1:50357] PHP Warning:  Undefined array key "myJsVar" in C:\\php_project\\www\\default.localhost\\send_report.php on line 16, referer: http://default.localhost/index.php
[Sun May 21 13:30:27.926576 2023] [php:warn] [pid 16136:tid 1164] [client ::1:50357] PHP Warning:  Undefined array key "newstext" in C:\\php_project\\www\\default.localhost\\send_report.php on line 2, referer: http://default.localhost/index.php
[Sun May 21 13:30:27.926576 2023] [php:warn] [pid 16136:tid 1164] [client ::1:50357] PHP Warning:  Undefined array key "username" in C:\\php_project\\www\\default.localhost\\send_report.php on line 3, referer: http://default.localhost/index.php
[Sun May 21 13:30:28.631396 2023] [php:warn] [pid 16136:tid 1164] [client ::1:50357] PHP Warning:  Undefined array key "newstext" in C:\\php_project\\www\\default.localhost\\send_report.php on line 2, referer: http://default.localhost/
[Sun May 21 13:30:28.631396 2023] [php:warn] [pid 16136:tid 1164] [client ::1:50357] PHP Warning:  Undefined array key "username" in C:\\php_project\\www\\default.localhost\\send_report.php on line 3, referer: http://default.localhost/
[Sun May 21 13:31:49.572467 2023] [php:warn] [pid 16136:tid 1164] [client ::1:50368] PHP Warning:  Undefined array key "myJsVar" in C:\\php_project\\www\\default.localhost\\test.php on line 4
[Sun May 21 13:32:03.583547 2023] [php:warn] [pid 16136:tid 1156] [client ::1:50413] PHP Warning:  Undefined array key "myJsVar" in C:\\php_project\\www\\default.localhost\\test.php on line 4
[Sun May 21 13:39:52.186571 2023] [php:warn] [pid 16136:tid 1164] [client ::1:50638] PHP Warning:  Undefined array key "myJsVar" in C:\\php_project\\www\\default.localhost\\test.php on line 4, referer: http://default.localhost/
[Sun May 21 13:40:28.044045 2023] [php:warn] [pid 16136:tid 1156] [client ::1:50639] PHP Warning:  Undefined array key "myJsVar" in C:\\php_project\\www\\default.localhost\\test.php on line 4
[Sun May 21 13:40:28.072042 2023] [php:warn] [pid 16136:tid 1156] [client ::1:50639] PHP Warning:  Undefined array key "myJsVar" in C:\\php_project\\www\\default.localhost\\test.php on line 4, referer: http://default.localhost/
[Sun May 21 13:41:02.987986 2023] [php:warn] [pid 16136:tid 1164] [client ::1:50650] PHP Warning:  Undefined array key "myJsVar" in C:\\php_project\\www\\default.localhost\\test.php on line 4
[Sun May 21 13:41:03.013943 2023] [php:warn] [pid 16136:tid 1164] [client ::1:50650] PHP Warning:  Undefined array key "myJsVar" in C:\\php_project\\www\\default.localhost\\test.php on line 4, referer: http://default.localhost/
[Sun May 21 13:41:30.992339 2023] [php:warn] [pid 16136:tid 1156] [client ::1:50654] PHP Warning:  Undefined array key "a" in C:\\php_project\\www\\default.localhost\\test.php on line 4
[Sun May 21 13:41:43.028763 2023] [php:warn] [pid 16136:tid 1164] [client ::1:50668] PHP Warning:  Undefined variable $a in C:\\php_project\\www\\default.localhost\\test.php on line 12
[Sun May 21 13:41:43.044762 2023] [php:warn] [pid 16136:tid 1164] [client ::1:50668] PHP Warning:  Undefined variable $a in C:\\php_project\\www\\default.localhost\\test.php on line 12, referer: http://default.localhost/
[Sun May 21 13:45:03.984477 2023] [php:warn] [pid 16136:tid 1164] [client ::1:50733] PHP Warning:  Undefined array key "a" in C:\\php_project\\www\\default.localhost\\test.php on line 5
[Sun May 21 13:45:03.984477 2023] [php:notice] [pid 16136:tid 1164] [client ::1:50733] PHP Deprecated:  json_decode(): Passing null to parameter #1 ($json) of type string is deprecated in C:\\php_project\\www\\default.localhost\\test.php on line 5
[Sun May 21 13:55:26.758269 2023] [php:warn] [pid 4296:tid 1160] [client ::1:51133] PHP Warning:  Undefined array key "report_text" in C:\\php_project\\www\\default.localhost\\send_report.php on line 2, referer: http://default.localhost/
[Sun May 21 13:55:26.761266 2023] [php:error] [pid 4296:tid 1160] [client ::1:51133] PHP Fatal error:  Uncaught mysqli_sql_exception: Access denied for user 'root'@'localhost' (using password: NO) in C:\\php_project\\www\\default.localhost\\send_report.php:6\nStack trace:\n#0 C:\\php_project\\www\\default.localhost\\send_report.php(6): mysqli_connect('localhost', 'root', Object(SensitiveParameterValue), 'reports_db')\n#1 {main}\n  thrown in C:\\php_project\\www\\default.localhost\\send_report.php on line 6, referer: http://default.localhost/
[Sun May 21 13:55:51.219530 2023] [php:error] [pid 4296:tid 1192] [client ::1:51135] PHP Fatal error:  Uncaught mysqli_sql_exception: Access denied for user 'root'@'localhost' (using password: NO) in C:\\php_project\\www\\default.localhost\\send_report.php:6\nStack trace:\n#0 C:\\php_project\\www\\default.localhost\\send_report.php(6): mysqli_connect('localhost', 'root', Object(SensitiveParameterValue), 'reports_db')\n#1 {main}\n  thrown in C:\\php_project\\www\\default.localhost\\send_report.php on line 6, referer: http://default.localhost/
[Sun May 21 15:53:07.035485 2023] [php:error] [pid 17544:tid 1136] [client ::1:57556] PHP Fatal error:  Uncaught mysqli_sql_exception: You have an error in your SQL syntax; check the manual that corresponds to your MySQL server version for the right syntax to use near 'sdngb'')' at line 1 in C:\\php_project\\www\\default.localhost\\send_report.php:11\nStack trace:\n#0 C:\\php_project\\www\\default.localhost\\send_report.php(11): mysqli_query(Object(mysqli), 'INSERT INTO `re...')\n#1 {main}\n  thrown in C:\\php_project\\www\\default.localhost\\send_report.php on line 11, referer: http://default.localhost/?username=6&report_text=dfjbndo%3Bfbnodinfnnnnnnnnnnnnnnnnnnnnnnnnnnnnnnnnnnnnnnnnnnnnnnnnnnnnnnnnnnnnnnnnnnnnnnnnnnnnnnnnnnnnnnnnnnnnnnnnnnnnnnnnnnnnnnnnnnnnnnnnnnnnnnnnnnnnnnnnnnnnnnnnnnnnnnnnnnnnnnnnnnnnnnnnnnnnnnnnnnnnnn
